2016-11-30 12:45:57,996 MutatorMath Executing designspace document: Roboto.designspace
2016-11-30 12:45:59,352 MutatorMath Writing Roboto-Thin.ufo to ../../instance_ufo/Roboto-Thin.ufo
2016-11-30 12:47:58,880 MutatorMath 	Multiple unicode values for glyph Omega: 937, 8486
2016-11-30 12:47:58,884 MutatorMath 	Multiple unicode values for glyph Delta: 916, 8710
2016-11-30 12:50:56,947 MutatorMath ../../instance_ufo/Roboto-Thin.ufo:
Errors calculating 1 glyphs: 
	hornnosp
2016-11-30 12:50:56,947 MutatorMath ../../instance_ufo/Roboto-Thin.ufo:
Possibly missing unicodes for 202 glyphs: 
	a_uni02DE
	acutedotcomb
	ascript_uni02DE
	ascriptturn_uni02DE
	aturn_uni02DE
	bbar_uni1ABE
	breveacutecomb
	brevegravecomb
	brevehookcomb
	breveinvsubnosp_uni1ABD
	brevetildecomb
	carondotcomb
	caronnosp
	caronsubnosp
	circumflexacutecomb
	circumflexgravecomb
	circumflexhookcomb
	circumflextildecomb
	commaaboverightcomb
	commaaccentrotate
	crossbar
	cyrillicbreve
	cyrillichook
	cyrillichookleft
	cyrillictic
	dasiaoxia
	dcroat_uni1ABE
	dieresisacutecomb
	dieresiscaroncomb
	dieresisgravecomb
	dieresismacroncomb
	dieresisnosp_uni1ABB
	dotbelow_uni1ABD
	dotdblsubnosp_uni1ABD
	dotmacroncomb
	eng_uni1ABE
	epsilon1revclosed_uni02DE
	gbar_uni1ABE
	iota1_uni02DE
	iotasubnosp_uni1ABD
	largerighthook
	linevertsubnosp_uni1ABD
	lmidtilde_uni1ABE
	macronacutecomb
	macroncomb_uni1ABB
	macrondieresiscomb
	macrongravecomb
	o_uni02DE
	oopen_uni02DE
	ringacute
	ringsubnosp_uni1ABD
	rrthook_uni1ABE
	tildeacutecomb
	tildecomb_uni1ABB
	tildecomb_uni1ABC
	tildedieresiscomb
	tildemacroncomb
	tildesubnosp_uni1ABD
	uni02E5_uni02E5_uni02E6
	uni02E5_uni02E5_uni02E7
	uni02E5_uni02E5_uni02E8
	uni02E5_uni02E5_uni02E9
	uni02E5_uni02E6
	uni02E5_uni02E6_uni02E5
	uni02E5_uni02E6_uni02E6
	uni02E5_uni02E6_uni02E7
	uni02E5_uni02E6_uni02E8
	uni02E5_uni02E6_uni02E9
	uni02E5_uni02E7
	uni02E5_uni02E7_uni02E5
	uni02E5_uni02E7_uni02E6
	uni02E5_uni02E7_uni02E7
	uni02E5_uni02E7_uni02E8
	uni02E5_uni02E7_uni02E9
	uni02E5_uni02E8
	uni02E5_uni02E8_uni02E5
	uni02E5_uni02E8_uni02E6
	uni02E5_uni02E8_uni02E7
	uni02E5_uni02E8_uni02E8
	uni02E5_uni02E8_uni02E9
	uni02E5_uni02E9
	uni02E5_uni02E9_uni02E5
	uni02E5_uni02E9_uni02E6
	uni02E5_uni02E9_uni02E7
	uni02E5_uni02E9_uni02E8
	uni02E5_uni02E9_uni02E9
	uni02E6_uni02E5
	uni02E6_uni02E5_uni02E5
	uni02E6_uni02E5_uni02E6
	uni02E6_uni02E5_uni02E7
	uni02E6_uni02E5_uni02E8
	uni02E6_uni02E5_uni02E9
	uni02E6_uni02E6_uni02E5
	uni02E6_uni02E6_uni02E7
	uni02E6_uni02E6_uni02E8
	uni02E6_uni02E6_uni02E9
	uni02E6_uni02E7
	uni02E6_uni02E7_uni02E5
	uni02E6_uni02E7_uni02E6
	uni02E6_uni02E7_uni02E7
	uni02E6_uni02E7_uni02E8
	uni02E6_uni02E7_uni02E9
	uni02E6_uni02E8
	uni02E6_uni02E8_uni02E5
	uni02E6_uni02E8_uni02E6
	uni02E6_uni02E8_uni02E7
	uni02E6_uni02E8_uni02E8
	uni02E6_uni02E8_uni02E9
	uni02E6_uni02E9
	uni02E6_uni02E9_uni02E5
	uni02E6_uni02E9_uni02E6
	uni02E6_uni02E9_uni02E7
	uni02E6_uni02E9_uni02E8
	uni02E6_uni02E9_uni02E9
	uni02E7_uni02E5
	uni02E7_uni02E5_uni02E5
	uni02E7_uni02E5_uni02E6
	uni02E7_uni02E5_uni02E7
	uni02E7_uni02E5_uni02E8
	uni02E7_uni02E5_uni02E9
	uni02E7_uni02E6
	uni02E7_uni02E6_uni02E5
	uni02E7_uni02E6_uni02E6
	uni02E7_uni02E6_uni02E7
	uni02E7_uni02E6_uni02E8
	uni02E7_uni02E6_uni02E9
	uni02E7_uni02E7_uni02E5
	uni02E7_uni02E7_uni02E6
	uni02E7_uni02E7_uni02E8
	uni02E7_uni02E7_uni02E9
	uni02E7_uni02E8
	uni02E7_uni02E8_uni02E5
	uni02E7_uni02E8_uni02E6
	uni02E7_uni02E8_uni02E7
	uni02E7_uni02E8_uni02E8
	uni02E7_uni02E8_uni02E9
	uni02E7_uni02E9
	uni02E7_uni02E9_uni02E5
	uni02E7_uni02E9_uni02E6
	uni02E7_uni02E9_uni02E7
	uni02E7_uni02E9_uni02E8
	uni02E7_uni02E9_uni02E9
	uni02E8_uni02E5
	uni02E8_uni02E5_uni02E5
	uni02E8_uni02E5_uni02E6
	uni02E8_uni02E5_uni02E7
	uni02E8_uni02E5_uni02E8
	uni02E8_uni02E5_uni02E9
	uni02E8_uni02E6
	uni02E8_uni02E6_uni02E5
	uni02E8_uni02E6_uni02E6
	uni02E8_uni02E6_uni02E7
	uni02E8_uni02E6_uni02E8
	uni02E8_uni02E6_uni02E9
	uni02E8_uni02E7
	uni02E8_uni02E7_uni02E5
	uni02E8_uni02E7_uni02E6
	uni02E8_uni02E7_uni02E7
	uni02E8_uni02E7_uni02E8
	uni02E8_uni02E7_uni02E9
	uni02E8_uni02E8_uni02E5
	uni02E8_uni02E8_uni02E6
	uni02E8_uni02E8_uni02E7
	uni02E8_uni02E8_uni02E9
	uni02E8_uni02E9
	uni02E8_uni02E9_uni02E5
	uni02E8_uni02E9_uni02E6
	uni02E8_uni02E9_uni02E7
	uni02E8_uni02E9_uni02E8
	uni02E8_uni02E9_uni02E9
	uni02E9_uni02E5
	uni02E9_uni02E5_uni02E5
	uni02E9_uni02E5_uni02E6
	uni02E9_uni02E5_uni02E7
	uni02E9_uni02E5_uni02E8
	uni02E9_uni02E5_uni02E9
	uni02E9_uni02E6
	uni02E9_uni02E6_uni02E5
	uni02E9_uni02E6_uni02E6
	uni02E9_uni02E6_uni02E7
	uni02E9_uni02E6_uni02E8
	uni02E9_uni02E6_uni02E9
	uni02E9_uni02E7
	uni02E9_uni02E7_uni02E5
	uni02E9_uni02E7_uni02E6
	uni02E9_uni02E7_uni02E7
	uni02E9_uni02E7_uni02E8
	uni02E9_uni02E7_uni02E9
	uni02E9_uni02E8
	uni02E9_uni02E8_uni02E5
	uni02E9_uni02E8_uni02E6
	uni02E9_uni02E8_uni02E7
	uni02E9_uni02E8_uni02E8
	uni02E9_uni02E8_uni02E9
	uni02E9_uni02E9_uni02E5
	uni02E9_uni02E9_uni02E6
	uni02E9_uni02E9_uni02E7
	uni02E9_uni02E9_uni02E8
	uni030C_uni1ABB
	uni1AB8_uni1ABD
	uni1AB9_uni1ABD
	uni1ABA_uni1ABD
2016-11-30 12:50:56,948 MutatorMath Writing Roboto-Light.ufo to ../../instance_ufo/Roboto-Light.ufo
2016-11-30 12:50:57,080 MutatorMath 	Multiple unicode values for glyph Omega: 937, 8486
2016-11-30 12:50:57,082 MutatorMath 	Multiple unicode values for glyph Delta: 916, 8710
2016-11-30 12:53:43,710 MutatorMath ../../instance_ufo/Roboto-Light.ufo:
Errors calculating 1 glyphs: 
	hornnosp
2016-11-30 12:53:43,711 MutatorMath ../../instance_ufo/Roboto-Light.ufo:
Possibly missing unicodes for 202 glyphs: 
	a_uni02DE
	acutedotcomb
	ascript_uni02DE
	ascriptturn_uni02DE
	aturn_uni02DE
	bbar_uni1ABE
	breveacutecomb
	brevegravecomb
	brevehookcomb
	breveinvsubnosp_uni1ABD
	brevetildecomb
	carondotcomb
	caronnosp
	caronsubnosp
	circumflexacutecomb
	circumflexgravecomb
	circumflexhookcomb
	circumflextildecomb
	commaaboverightcomb
	commaaccentrotate
	crossbar
	cyrillicbreve
	cyrillichook
	cyrillichookleft
	cyrillictic
	dasiaoxia
	dcroat_uni1ABE
	dieresisacutecomb
	dieresiscaroncomb
	dieresisgravecomb
	dieresismacroncomb
	dieresisnosp_uni1ABB
	dotbelow_uni1ABD
	dotdblsubnosp_uni1ABD
	dotmacroncomb
	eng_uni1ABE
	epsilon1revclosed_uni02DE
	gbar_uni1ABE
	iota1_uni02DE
	iotasubnosp_uni1ABD
	largerighthook
	linevertsubnosp_uni1ABD
	lmidtilde_uni1ABE
	macronacutecomb
	macroncomb_uni1ABB
	macrondieresiscomb
	macrongravecomb
	o_uni02DE
	oopen_uni02DE
	ringacute
	ringsubnosp_uni1ABD
	rrthook_uni1ABE
	tildeacutecomb
	tildecomb_uni1ABB
	tildecomb_uni1ABC
	tildedieresiscomb
	tildemacroncomb
	tildesubnosp_uni1ABD
	uni02E5_uni02E5_uni02E6
	uni02E5_uni02E5_uni02E7
	uni02E5_uni02E5_uni02E8
	uni02E5_uni02E5_uni02E9
	uni02E5_uni02E6
	uni02E5_uni02E6_uni02E5
	uni02E5_uni02E6_uni02E6
	uni02E5_uni02E6_uni02E7
	uni02E5_uni02E6_uni02E8
	uni02E5_uni02E6_uni02E9
	uni02E5_uni02E7
	uni02E5_uni02E7_uni02E5
	uni02E5_uni02E7_uni02E6
	uni02E5_uni02E7_uni02E7
	uni02E5_uni02E7_uni02E8
	uni02E5_uni02E7_uni02E9
	uni02E5_uni02E8
	uni02E5_uni02E8_uni02E5
	uni02E5_uni02E8_uni02E6
	uni02E5_uni02E8_uni02E7
	uni02E5_uni02E8_uni02E8
	uni02E5_uni02E8_uni02E9
	uni02E5_uni02E9
	uni02E5_uni02E9_uni02E5
	uni02E5_uni02E9_uni02E6
	uni02E5_uni02E9_uni02E7
	uni02E5_uni02E9_uni02E8
	uni02E5_uni02E9_uni02E9
	uni02E6_uni02E5
	uni02E6_uni02E5_uni02E5
	uni02E6_uni02E5_uni02E6
	uni02E6_uni02E5_uni02E7
	uni02E6_uni02E5_uni02E8
	uni02E6_uni02E5_uni02E9
	uni02E6_uni02E6_uni02E5
	uni02E6_uni02E6_uni02E7
	uni02E6_uni02E6_uni02E8
	uni02E6_uni02E6_uni02E9
	uni02E6_uni02E7
	uni02E6_uni02E7_uni02E5
	uni02E6_uni02E7_uni02E6
	uni02E6_uni02E7_uni02E7
	uni02E6_uni02E7_uni02E8
	uni02E6_uni02E7_uni02E9
	uni02E6_uni02E8
	uni02E6_uni02E8_uni02E5
	uni02E6_uni02E8_uni02E6
	uni02E6_uni02E8_uni02E7
	uni02E6_uni02E8_uni02E8
	uni02E6_uni02E8_uni02E9
	uni02E6_uni02E9
	uni02E6_uni02E9_uni02E5
	uni02E6_uni02E9_uni02E6
	uni02E6_uni02E9_uni02E7
	uni02E6_uni02E9_uni02E8
	uni02E6_uni02E9_uni02E9
	uni02E7_uni02E5
	uni02E7_uni02E5_uni02E5
	uni02E7_uni02E5_uni02E6
	uni02E7_uni02E5_uni02E7
	uni02E7_uni02E5_uni02E8
	uni02E7_uni02E5_uni02E9
	uni02E7_uni02E6
	uni02E7_uni02E6_uni02E5
	uni02E7_uni02E6_uni02E6
	uni02E7_uni02E6_uni02E7
	uni02E7_uni02E6_uni02E8
	uni02E7_uni02E6_uni02E9
	uni02E7_uni02E7_uni02E5
	uni02E7_uni02E7_uni02E6
	uni02E7_uni02E7_uni02E8
	uni02E7_uni02E7_uni02E9
	uni02E7_uni02E8
	uni02E7_uni02E8_uni02E5
	uni02E7_uni02E8_uni02E6
	uni02E7_uni02E8_uni02E7
	uni02E7_uni02E8_uni02E8
	uni02E7_uni02E8_uni02E9
	uni02E7_uni02E9
	uni02E7_uni02E9_uni02E5
	uni02E7_uni02E9_uni02E6
	uni02E7_uni02E9_uni02E7
	uni02E7_uni02E9_uni02E8
	uni02E7_uni02E9_uni02E9
	uni02E8_uni02E5
	uni02E8_uni02E5_uni02E5
	uni02E8_uni02E5_uni02E6
	uni02E8_uni02E5_uni02E7
	uni02E8_uni02E5_uni02E8
	uni02E8_uni02E5_uni02E9
	uni02E8_uni02E6
	uni02E8_uni02E6_uni02E5
	uni02E8_uni02E6_uni02E6
	uni02E8_uni02E6_uni02E7
	uni02E8_uni02E6_uni02E8
	uni02E8_uni02E6_uni02E9
	uni02E8_uni02E7
	uni02E8_uni02E7_uni02E5
	uni02E8_uni02E7_uni02E6
	uni02E8_uni02E7_uni02E7
	uni02E8_uni02E7_uni02E8
	uni02E8_uni02E7_uni02E9
	uni02E8_uni02E8_uni02E5
	uni02E8_uni02E8_uni02E6
	uni02E8_uni02E8_uni02E7
	uni02E8_uni02E8_uni02E9
	uni02E8_uni02E9
	uni02E8_uni02E9_uni02E5
	uni02E8_uni02E9_uni02E6
	uni02E8_uni02E9_uni02E7
	uni02E8_uni02E9_uni02E8
	uni02E8_uni02E9_uni02E9
	uni02E9_uni02E5
	uni02E9_uni02E5_uni02E5
	uni02E9_uni02E5_uni02E6
	uni02E9_uni02E5_uni02E7
	uni02E9_uni02E5_uni02E8
	uni02E9_uni02E5_uni02E9
	uni02E9_uni02E6
	uni02E9_uni02E6_uni02E5
	uni02E9_uni02E6_uni02E6
	uni02E9_uni02E6_uni02E7
	uni02E9_uni02E6_uni02E8
	uni02E9_uni02E6_uni02E9
	uni02E9_uni02E7
	uni02E9_uni02E7_uni02E5
	uni02E9_uni02E7_uni02E6
	uni02E9_uni02E7_uni02E7
	uni02E9_uni02E7_uni02E8
	uni02E9_uni02E7_uni02E9
	uni02E9_uni02E8
	uni02E9_uni02E8_uni02E5
	uni02E9_uni02E8_uni02E6
	uni02E9_uni02E8_uni02E7
	uni02E9_uni02E8_uni02E8
	uni02E9_uni02E8_uni02E9
	uni02E9_uni02E9_uni02E5
	uni02E9_uni02E9_uni02E6
	uni02E9_uni02E9_uni02E7
	uni02E9_uni02E9_uni02E8
	uni030C_uni1ABB
	uni1AB8_uni1ABD
	uni1AB9_uni1ABD
	uni1ABA_uni1ABD
2016-11-30 12:53:45,377 MutatorMath Writing Roboto-Regular.ufo to ../../instance_ufo/Roboto-Regular.ufo
2016-11-30 12:53:45,515 MutatorMath 	Multiple unicode values for glyph Omega: 937, 8486
2016-11-30 12:53:45,516 MutatorMath 	Multiple unicode values for glyph Delta: 916, 8710
2016-11-30 12:56:36,012 MutatorMath ../../instance_ufo/Roboto-Regular.ufo:
Errors calculating 1 glyphs: 
	hornnosp
2016-11-30 12:56:36,012 MutatorMath ../../instance_ufo/Roboto-Regular.ufo:
Possibly missing unicodes for 202 glyphs: 
	a_uni02DE
	acutedotcomb
	ascript_uni02DE
	ascriptturn_uni02DE
	aturn_uni02DE
	bbar_uni1ABE
	breveacutecomb
	brevegravecomb
	brevehookcomb
	breveinvsubnosp_uni1ABD
	brevetildecomb
	carondotcomb
	caronnosp
	caronsubnosp
	circumflexacutecomb
	circumflexgravecomb
	circumflexhookcomb
	circumflextildecomb
	commaaboverightcomb
	commaaccentrotate
	crossbar
	cyrillicbreve
	cyrillichook
	cyrillichookleft
	cyrillictic
	dasiaoxia
	dcroat_uni1ABE
	dieresisacutecomb
	dieresiscaroncomb
	dieresisgravecomb
	dieresismacroncomb
	dieresisnosp_uni1ABB
	dotbelow_uni1ABD
	dotdblsubnosp_uni1ABD
	dotmacroncomb
	eng_uni1ABE
	epsilon1revclosed_uni02DE
	gbar_uni1ABE
	iota1_uni02DE
	iotasubnosp_uni1ABD
	largerighthook
	linevertsubnosp_uni1ABD
	lmidtilde_uni1ABE
	macronacutecomb
	macroncomb_uni1ABB
	macrondieresiscomb
	macrongravecomb
	o_uni02DE
	oopen_uni02DE
	ringacute
	ringsubnosp_uni1ABD
	rrthook_uni1ABE
	tildeacutecomb
	tildecomb_uni1ABB
	tildecomb_uni1ABC
	tildedieresiscomb
	tildemacroncomb
	tildesubnosp_uni1ABD
	uni02E5_uni02E5_uni02E6
	uni02E5_uni02E5_uni02E7
	uni02E5_uni02E5_uni02E8
	uni02E5_uni02E5_uni02E9
	uni02E5_uni02E6
	uni02E5_uni02E6_uni02E5
	uni02E5_uni02E6_uni02E6
	uni02E5_uni02E6_uni02E7
	uni02E5_uni02E6_uni02E8
	uni02E5_uni02E6_uni02E9
	uni02E5_uni02E7
	uni02E5_uni02E7_uni02E5
	uni02E5_uni02E7_uni02E6
	uni02E5_uni02E7_uni02E7
	uni02E5_uni02E7_uni02E8
	uni02E5_uni02E7_uni02E9
	uni02E5_uni02E8
	uni02E5_uni02E8_uni02E5
	uni02E5_uni02E8_uni02E6
	uni02E5_uni02E8_uni02E7
	uni02E5_uni02E8_uni02E8
	uni02E5_uni02E8_uni02E9
	uni02E5_uni02E9
	uni02E5_uni02E9_uni02E5
	uni02E5_uni02E9_uni02E6
	uni02E5_uni02E9_uni02E7
	uni02E5_uni02E9_uni02E8
	uni02E5_uni02E9_uni02E9
	uni02E6_uni02E5
	uni02E6_uni02E5_uni02E5
	uni02E6_uni02E5_uni02E6
	uni02E6_uni02E5_uni02E7
	uni02E6_uni02E5_uni02E8
	uni02E6_uni02E5_uni02E9
	uni02E6_uni02E6_uni02E5
	uni02E6_uni02E6_uni02E7
	uni02E6_uni02E6_uni02E8
	uni02E6_uni02E6_uni02E9
	uni02E6_uni02E7
	uni02E6_uni02E7_uni02E5
	uni02E6_uni02E7_uni02E6
	uni02E6_uni02E7_uni02E7
	uni02E6_uni02E7_uni02E8
	uni02E6_uni02E7_uni02E9
	uni02E6_uni02E8
	uni02E6_uni02E8_uni02E5
	uni02E6_uni02E8_uni02E6
	uni02E6_uni02E8_uni02E7
	uni02E6_uni02E8_uni02E8
	uni02E6_uni02E8_uni02E9
	uni02E6_uni02E9
	uni02E6_uni02E9_uni02E5
	uni02E6_uni02E9_uni02E6
	uni02E6_uni02E9_uni02E7
	uni02E6_uni02E9_uni02E8
	uni02E6_uni02E9_uni02E9
	uni02E7_uni02E5
	uni02E7_uni02E5_uni02E5
	uni02E7_uni02E5_uni02E6
	uni02E7_uni02E5_uni02E7
	uni02E7_uni02E5_uni02E8
	uni02E7_uni02E5_uni02E9
	uni02E7_uni02E6
	uni02E7_uni02E6_uni02E5
	uni02E7_uni02E6_uni02E6
	uni02E7_uni02E6_uni02E7
	uni02E7_uni02E6_uni02E8
	uni02E7_uni02E6_uni02E9
	uni02E7_uni02E7_uni02E5
	uni02E7_uni02E7_uni02E6
	uni02E7_uni02E7_uni02E8
	uni02E7_uni02E7_uni02E9
	uni02E7_uni02E8
	uni02E7_uni02E8_uni02E5
	uni02E7_uni02E8_uni02E6
	uni02E7_uni02E8_uni02E7
	uni02E7_uni02E8_uni02E8
	uni02E7_uni02E8_uni02E9
	uni02E7_uni02E9
	uni02E7_uni02E9_uni02E5
	uni02E7_uni02E9_uni02E6
	uni02E7_uni02E9_uni02E7
	uni02E7_uni02E9_uni02E8
	uni02E7_uni02E9_uni02E9
	uni02E8_uni02E5
	uni02E8_uni02E5_uni02E5
	uni02E8_uni02E5_uni02E6
	uni02E8_uni02E5_uni02E7
	uni02E8_uni02E5_uni02E8
	uni02E8_uni02E5_uni02E9
	uni02E8_uni02E6
	uni02E8_uni02E6_uni02E5
	uni02E8_uni02E6_uni02E6
	uni02E8_uni02E6_uni02E7
	uni02E8_uni02E6_uni02E8
	uni02E8_uni02E6_uni02E9
	uni02E8_uni02E7
	uni02E8_uni02E7_uni02E5
	uni02E8_uni02E7_uni02E6
	uni02E8_uni02E7_uni02E7
	uni02E8_uni02E7_uni02E8
	uni02E8_uni02E7_uni02E9
	uni02E8_uni02E8_uni02E5
	uni02E8_uni02E8_uni02E6
	uni02E8_uni02E8_uni02E7
	uni02E8_uni02E8_uni02E9
	uni02E8_uni02E9
	uni02E8_uni02E9_uni02E5
	uni02E8_uni02E9_uni02E6
	uni02E8_uni02E9_uni02E7
	uni02E8_uni02E9_uni02E8
	uni02E8_uni02E9_uni02E9
	uni02E9_uni02E5
	uni02E9_uni02E5_uni02E5
	uni02E9_uni02E5_uni02E6
	uni02E9_uni02E5_uni02E7
	uni02E9_uni02E5_uni02E8
	uni02E9_uni02E5_uni02E9
	uni02E9_uni02E6
	uni02E9_uni02E6_uni02E5
	uni02E9_uni02E6_uni02E6
	uni02E9_uni02E6_uni02E7
	uni02E9_uni02E6_uni02E8
	uni02E9_uni02E6_uni02E9
	uni02E9_uni02E7
	uni02E9_uni02E7_uni02E5
	uni02E9_uni02E7_uni02E6
	uni02E9_uni02E7_uni02E7
	uni02E9_uni02E7_uni02E8
	uni02E9_uni02E7_uni02E9
	uni02E9_uni02E8
	uni02E9_uni02E8_uni02E5
	uni02E9_uni02E8_uni02E6
	uni02E9_uni02E8_uni02E7
	uni02E9_uni02E8_uni02E8
	uni02E9_uni02E8_uni02E9
	uni02E9_uni02E9_uni02E5
	uni02E9_uni02E9_uni02E6
	uni02E9_uni02E9_uni02E7
	uni02E9_uni02E9_uni02E8
	uni030C_uni1ABB
	uni1AB8_uni1ABD
	uni1AB9_uni1ABD
	uni1ABA_uni1ABD
2016-11-30 12:56:37,536 MutatorMath Writing Roboto-Medium.ufo to ../../instance_ufo/Roboto-Medium.ufo
2016-11-30 12:56:37,649 MutatorMath 	Multiple unicode values for glyph Omega: 937, 8486
2016-11-30 12:56:37,651 MutatorMath 	Multiple unicode values for glyph Delta: 916, 8710
2016-11-30 12:59:22,678 MutatorMath ../../instance_ufo/Roboto-Medium.ufo:
Errors calculating 1 glyphs: 
	hornnosp
2016-11-30 12:59:22,679 MutatorMath ../../instance_ufo/Roboto-Medium.ufo:
Possibly missing unicodes for 202 glyphs: 
	a_uni02DE
	acutedotcomb
	ascript_uni02DE
	ascriptturn_uni02DE
	aturn_uni02DE
	bbar_uni1ABE
	breveacutecomb
	brevegravecomb
	brevehookcomb
	breveinvsubnosp_uni1ABD
	brevetildecomb
	carondotcomb
	caronnosp
	caronsubnosp
	circumflexacutecomb
	circumflexgravecomb
	circumflexhookcomb
	circumflextildecomb
	commaaboverightcomb
	commaaccentrotate
	crossbar
	cyrillicbreve
	cyrillichook
	cyrillichookleft
	cyrillictic
	dasiaoxia
	dcroat_uni1ABE
	dieresisacutecomb
	dieresiscaroncomb
	dieresisgravecomb
	dieresismacroncomb
	dieresisnosp_uni1ABB
	dotbelow_uni1ABD
	dotdblsubnosp_uni1ABD
	dotmacroncomb
	eng_uni1ABE
	epsilon1revclosed_uni02DE
	gbar_uni1ABE
	iota1_uni02DE
	iotasubnosp_uni1ABD
	largerighthook
	linevertsubnosp_uni1ABD
	lmidtilde_uni1ABE
	macronacutecomb
	macroncomb_uni1ABB
	macrondieresiscomb
	macrongravecomb
	o_uni02DE
	oopen_uni02DE
	ringacute
	ringsubnosp_uni1ABD
	rrthook_uni1ABE
	tildeacutecomb
	tildecomb_uni1ABB
	tildecomb_uni1ABC
	tildedieresiscomb
	tildemacroncomb
	tildesubnosp_uni1ABD
	uni02E5_uni02E5_uni02E6
	uni02E5_uni02E5_uni02E7
	uni02E5_uni02E5_uni02E8
	uni02E5_uni02E5_uni02E9
	uni02E5_uni02E6
	uni02E5_uni02E6_uni02E5
	uni02E5_uni02E6_uni02E6
	uni02E5_uni02E6_uni02E7
	uni02E5_uni02E6_uni02E8
	uni02E5_uni02E6_uni02E9
	uni02E5_uni02E7
	uni02E5_uni02E7_uni02E5
	uni02E5_uni02E7_uni02E6
	uni02E5_uni02E7_uni02E7
	uni02E5_uni02E7_uni02E8
	uni02E5_uni02E7_uni02E9
	uni02E5_uni02E8
	uni02E5_uni02E8_uni02E5
	uni02E5_uni02E8_uni02E6
	uni02E5_uni02E8_uni02E7
	uni02E5_uni02E8_uni02E8
	uni02E5_uni02E8_uni02E9
	uni02E5_uni02E9
	uni02E5_uni02E9_uni02E5
	uni02E5_uni02E9_uni02E6
	uni02E5_uni02E9_uni02E7
	uni02E5_uni02E9_uni02E8
	uni02E5_uni02E9_uni02E9
	uni02E6_uni02E5
	uni02E6_uni02E5_uni02E5
	uni02E6_uni02E5_uni02E6
	uni02E6_uni02E5_uni02E7
	uni02E6_uni02E5_uni02E8
	uni02E6_uni02E5_uni02E9
	uni02E6_uni02E6_uni02E5
	uni02E6_uni02E6_uni02E7
	uni02E6_uni02E6_uni02E8
	uni02E6_uni02E6_uni02E9
	uni02E6_uni02E7
	uni02E6_uni02E7_uni02E5
	uni02E6_uni02E7_uni02E6
	uni02E6_uni02E7_uni02E7
	uni02E6_uni02E7_uni02E8
	uni02E6_uni02E7_uni02E9
	uni02E6_uni02E8
	uni02E6_uni02E8_uni02E5
	uni02E6_uni02E8_uni02E6
	uni02E6_uni02E8_uni02E7
	uni02E6_uni02E8_uni02E8
	uni02E6_uni02E8_uni02E9
	uni02E6_uni02E9
	uni02E6_uni02E9_uni02E5
	uni02E6_uni02E9_uni02E6
	uni02E6_uni02E9_uni02E7
	uni02E6_uni02E9_uni02E8
	uni02E6_uni02E9_uni02E9
	uni02E7_uni02E5
	uni02E7_uni02E5_uni02E5
	uni02E7_uni02E5_uni02E6
	uni02E7_uni02E5_uni02E7
	uni02E7_uni02E5_uni02E8
	uni02E7_uni02E5_uni02E9
	uni02E7_uni02E6
	uni02E7_uni02E6_uni02E5
	uni02E7_uni02E6_uni02E6
	uni02E7_uni02E6_uni02E7
	uni02E7_uni02E6_uni02E8
	uni02E7_uni02E6_uni02E9
	uni02E7_uni02E7_uni02E5
	uni02E7_uni02E7_uni02E6
	uni02E7_uni02E7_uni02E8
	uni02E7_uni02E7_uni02E9
	uni02E7_uni02E8
	uni02E7_uni02E8_uni02E5
	uni02E7_uni02E8_uni02E6
	uni02E7_uni02E8_uni02E7
	uni02E7_uni02E8_uni02E8
	uni02E7_uni02E8_uni02E9
	uni02E7_uni02E9
	uni02E7_uni02E9_uni02E5
	uni02E7_uni02E9_uni02E6
	uni02E7_uni02E9_uni02E7
	uni02E7_uni02E9_uni02E8
	uni02E7_uni02E9_uni02E9
	uni02E8_uni02E5
	uni02E8_uni02E5_uni02E5
	uni02E8_uni02E5_uni02E6
	uni02E8_uni02E5_uni02E7
	uni02E8_uni02E5_uni02E8
	uni02E8_uni02E5_uni02E9
	uni02E8_uni02E6
	uni02E8_uni02E6_uni02E5
	uni02E8_uni02E6_uni02E6
	uni02E8_uni02E6_uni02E7
	uni02E8_uni02E6_uni02E8
	uni02E8_uni02E6_uni02E9
	uni02E8_uni02E7
	uni02E8_uni02E7_uni02E5
	uni02E8_uni02E7_uni02E6
	uni02E8_uni02E7_uni02E7
	uni02E8_uni02E7_uni02E8
	uni02E8_uni02E7_uni02E9
	uni02E8_uni02E8_uni02E5
	uni02E8_uni02E8_uni02E6
	uni02E8_uni02E8_uni02E7
	uni02E8_uni02E8_uni02E9
	uni02E8_uni02E9
	uni02E8_uni02E9_uni02E5
	uni02E8_uni02E9_uni02E6
	uni02E8_uni02E9_uni02E7
	uni02E8_uni02E9_uni02E8
	uni02E8_uni02E9_uni02E9
	uni02E9_uni02E5
	uni02E9_uni02E5_uni02E5
	uni02E9_uni02E5_uni02E6
	uni02E9_uni02E5_uni02E7
	uni02E9_uni02E5_uni02E8
	uni02E9_uni02E5_uni02E9
	uni02E9_uni02E6
	uni02E9_uni02E6_uni02E5
	uni02E9_uni02E6_uni02E6
	uni02E9_uni02E6_uni02E7
	uni02E9_uni02E6_uni02E8
	uni02E9_uni02E6_uni02E9
	uni02E9_uni02E7
	uni02E9_uni02E7_uni02E5
	uni02E9_uni02E7_uni02E6
	uni02E9_uni02E7_uni02E7
	uni02E9_uni02E7_uni02E8
	uni02E9_uni02E7_uni02E9
	uni02E9_uni02E8
	uni02E9_uni02E8_uni02E5
	uni02E9_uni02E8_uni02E6
	uni02E9_uni02E8_uni02E7
	uni02E9_uni02E8_uni02E8
	uni02E9_uni02E8_uni02E9
	uni02E9_uni02E9_uni02E5
	uni02E9_uni02E9_uni02E6
	uni02E9_uni02E9_uni02E7
	uni02E9_uni02E9_uni02E8
	uni030C_uni1ABB
	uni1AB8_uni1ABD
	uni1AB9_uni1ABD
	uni1ABA_uni1ABD
2016-11-30 12:59:24,394 MutatorMath Writing Roboto-Bold.ufo to ../../instance_ufo/Roboto-Bold.ufo
2016-11-30 12:59:24,719 MutatorMath 	Multiple unicode values for glyph Omega: 937, 8486
2016-11-30 12:59:24,721 MutatorMath 	Multiple unicode values for glyph Delta: 916, 8710
2016-11-30 13:02:16,077 MutatorMath ../../instance_ufo/Roboto-Bold.ufo:
Errors calculating 1 glyphs: 
	hornnosp
2016-11-30 13:02:16,078 MutatorMath ../../instance_ufo/Roboto-Bold.ufo:
Possibly missing unicodes for 202 glyphs: 
	a_uni02DE
	acutedotcomb
	ascript_uni02DE
	ascriptturn_uni02DE
	aturn_uni02DE
	bbar_uni1ABE
	breveacutecomb
	brevegravecomb
	brevehookcomb
	breveinvsubnosp_uni1ABD
	brevetildecomb
	carondotcomb
	caronnosp
	caronsubnosp
	circumflexacutecomb
	circumflexgravecomb
	circumflexhookcomb
	circumflextildecomb
	commaaboverightcomb
	commaaccentrotate
	crossbar
	cyrillicbreve
	cyrillichook
	cyrillichookleft
	cyrillictic
	dasiaoxia
	dcroat_uni1ABE
	dieresisacutecomb
	dieresiscaroncomb
	dieresisgravecomb
	dieresismacroncomb
	dieresisnosp_uni1ABB
	dotbelow_uni1ABD
	dotdblsubnosp_uni1ABD
	dotmacroncomb
	eng_uni1ABE
	epsilon1revclosed_uni02DE
	gbar_uni1ABE
	iota1_uni02DE
	iotasubnosp_uni1ABD
	largerighthook
	linevertsubnosp_uni1ABD
	lmidtilde_uni1ABE
	macronacutecomb
	macroncomb_uni1ABB
	macrondieresiscomb
	macrongravecomb
	o_uni02DE
	oopen_uni02DE
	ringacute
	ringsubnosp_uni1ABD
	rrthook_uni1ABE
	tildeacutecomb
	tildecomb_uni1ABB
	tildecomb_uni1ABC
	tildedieresiscomb
	tildemacroncomb
	tildesubnosp_uni1ABD
	uni02E5_uni02E5_uni02E6
	uni02E5_uni02E5_uni02E7
	uni02E5_uni02E5_uni02E8
	uni02E5_uni02E5_uni02E9
	uni02E5_uni02E6
	uni02E5_uni02E6_uni02E5
	uni02E5_uni02E6_uni02E6
	uni02E5_uni02E6_uni02E7
	uni02E5_uni02E6_uni02E8
	uni02E5_uni02E6_uni02E9
	uni02E5_uni02E7
	uni02E5_uni02E7_uni02E5
	uni02E5_uni02E7_uni02E6
	uni02E5_uni02E7_uni02E7
	uni02E5_uni02E7_uni02E8
	uni02E5_uni02E7_uni02E9
	uni02E5_uni02E8
	uni02E5_uni02E8_uni02E5
	uni02E5_uni02E8_uni02E6
	uni02E5_uni02E8_uni02E7
	uni02E5_uni02E8_uni02E8
	uni02E5_uni02E8_uni02E9
	uni02E5_uni02E9
	uni02E5_uni02E9_uni02E5
	uni02E5_uni02E9_uni02E6
	uni02E5_uni02E9_uni02E7
	uni02E5_uni02E9_uni02E8
	uni02E5_uni02E9_uni02E9
	uni02E6_uni02E5
	uni02E6_uni02E5_uni02E5
	uni02E6_uni02E5_uni02E6
	uni02E6_uni02E5_uni02E7
	uni02E6_uni02E5_uni02E8
	uni02E6_uni02E5_uni02E9
	uni02E6_uni02E6_uni02E5
	uni02E6_uni02E6_uni02E7
	uni02E6_uni02E6_uni02E8
	uni02E6_uni02E6_uni02E9
	uni02E6_uni02E7
	uni02E6_uni02E7_uni02E5
	uni02E6_uni02E7_uni02E6
	uni02E6_uni02E7_uni02E7
	uni02E6_uni02E7_uni02E8
	uni02E6_uni02E7_uni02E9
	uni02E6_uni02E8
	uni02E6_uni02E8_uni02E5
	uni02E6_uni02E8_uni02E6
	uni02E6_uni02E8_uni02E7
	uni02E6_uni02E8_uni02E8
	uni02E6_uni02E8_uni02E9
	uni02E6_uni02E9
	uni02E6_uni02E9_uni02E5
	uni02E6_uni02E9_uni02E6
	uni02E6_uni02E9_uni02E7
	uni02E6_uni02E9_uni02E8
	uni02E6_uni02E9_uni02E9
	uni02E7_uni02E5
	uni02E7_uni02E5_uni02E5
	uni02E7_uni02E5_uni02E6
	uni02E7_uni02E5_uni02E7
	uni02E7_uni02E5_uni02E8
	uni02E7_uni02E5_uni02E9
	uni02E7_uni02E6
	uni02E7_uni02E6_uni02E5
	uni02E7_uni02E6_uni02E6
	uni02E7_uni02E6_uni02E7
	uni02E7_uni02E6_uni02E8
	uni02E7_uni02E6_uni02E9
	uni02E7_uni02E7_uni02E5
	uni02E7_uni02E7_uni02E6
	uni02E7_uni02E7_uni02E8
	uni02E7_uni02E7_uni02E9
	uni02E7_uni02E8
	uni02E7_uni02E8_uni02E5
	uni02E7_uni02E8_uni02E6
	uni02E7_uni02E8_uni02E7
	uni02E7_uni02E8_uni02E8
	uni02E7_uni02E8_uni02E9
	uni02E7_uni02E9
	uni02E7_uni02E9_uni02E5
	uni02E7_uni02E9_uni02E6
	uni02E7_uni02E9_uni02E7
	uni02E7_uni02E9_uni02E8
	uni02E7_uni02E9_uni02E9
	uni02E8_uni02E5
	uni02E8_uni02E5_uni02E5
	uni02E8_uni02E5_uni02E6
	uni02E8_uni02E5_uni02E7
	uni02E8_uni02E5_uni02E8
	uni02E8_uni02E5_uni02E9
	uni02E8_uni02E6
	uni02E8_uni02E6_uni02E5
	uni02E8_uni02E6_uni02E6
	uni02E8_uni02E6_uni02E7
	uni02E8_uni02E6_uni02E8
	uni02E8_uni02E6_uni02E9
	uni02E8_uni02E7
	uni02E8_uni02E7_uni02E5
	uni02E8_uni02E7_uni02E6
	uni02E8_uni02E7_uni02E7
	uni02E8_uni02E7_uni02E8
	uni02E8_uni02E7_uni02E9
	uni02E8_uni02E8_uni02E5
	uni02E8_uni02E8_uni02E6
	uni02E8_uni02E8_uni02E7
	uni02E8_uni02E8_uni02E9
	uni02E8_uni02E9
	uni02E8_uni02E9_uni02E5
	uni02E8_uni02E9_uni02E6
	uni02E8_uni02E9_uni02E7
	uni02E8_uni02E9_uni02E8
	uni02E8_uni02E9_uni02E9
	uni02E9_uni02E5
	uni02E9_uni02E5_uni02E5
	uni02E9_uni02E5_uni02E6
	uni02E9_uni02E5_uni02E7
	uni02E9_uni02E5_uni02E8
	uni02E9_uni02E5_uni02E9
	uni02E9_uni02E6
	uni02E9_uni02E6_uni02E5
	uni02E9_uni02E6_uni02E6
	uni02E9_uni02E6_uni02E7
	uni02E9_uni02E6_uni02E8
	uni02E9_uni02E6_uni02E9
	uni02E9_uni02E7
	uni02E9_uni02E7_uni02E5
	uni02E9_uni02E7_uni02E6
	uni02E9_uni02E7_uni02E7
	uni02E9_uni02E7_uni02E8
	uni02E9_uni02E7_uni02E9
	uni02E9_uni02E8
	uni02E9_uni02E8_uni02E5
	uni02E9_uni02E8_uni02E6
	uni02E9_uni02E8_uni02E7
	uni02E9_uni02E8_uni02E8
	uni02E9_uni02E8_uni02E9
	uni02E9_uni02E9_uni02E5
	uni02E9_uni02E9_uni02E6
	uni02E9_uni02E9_uni02E7
	uni02E9_uni02E9_uni02E8
	uni030C_uni1ABB
	uni1AB8_uni1ABD
	uni1AB9_uni1ABD
	uni1ABA_uni1ABD
2016-11-30 13:02:17,673 MutatorMath Writing Roboto-Black.ufo to ../../instance_ufo/Roboto-Black.ufo
2016-11-30 13:02:17,790 MutatorMath 	Multiple unicode values for glyph Omega: 937, 8486
2016-11-30 13:02:17,792 MutatorMath 	Multiple unicode values for glyph Delta: 916, 8710
2016-11-30 13:04:53,758 MutatorMath ../../instance_ufo/Roboto-Black.ufo:
Errors calculating 1 glyphs: 
	hornnosp
2016-11-30 13:04:53,758 MutatorMath ../../instance_ufo/Roboto-Black.ufo:
Possibly missing unicodes for 202 glyphs: 
	a_uni02DE
	acutedotcomb
	ascript_uni02DE
	ascriptturn_uni02DE
	aturn_uni02DE
	bbar_uni1ABE
	breveacutecomb
	brevegravecomb
	brevehookcomb
	breveinvsubnosp_uni1ABD
	brevetildecomb
	carondotcomb
	caronnosp
	caronsubnosp
	circumflexacutecomb
	circumflexgravecomb
	circumflexhookcomb
	circumflextildecomb
	commaaboverightcomb
	commaaccentrotate
	crossbar
	cyrillicbreve
	cyrillichook
	cyrillichookleft
	cyrillictic
	dasiaoxia
	dcroat_uni1ABE
	dieresisacutecomb
	dieresiscaroncomb
	dieresisgravecomb
	dieresismacroncomb
	dieresisnosp_uni1ABB
	dotbelow_uni1ABD
	dotdblsubnosp_uni1ABD
	dotmacroncomb
	eng_uni1ABE
	epsilon1revclosed_uni02DE
	gbar_uni1ABE
	iota1_uni02DE
	iotasubnosp_uni1ABD
	largerighthook
	linevertsubnosp_uni1ABD
	lmidtilde_uni1ABE
	macronacutecomb
	macroncomb_uni1ABB
	macrondieresiscomb
	macrongravecomb
	o_uni02DE
	oopen_uni02DE
	ringacute
	ringsubnosp_uni1ABD
	rrthook_uni1ABE
	tildeacutecomb
	tildecomb_uni1ABB
	tildecomb_uni1ABC
	tildedieresiscomb
	tildemacroncomb
	tildesubnosp_uni1ABD
	uni02E5_uni02E5_uni02E6
	uni02E5_uni02E5_uni02E7
	uni02E5_uni02E5_uni02E8
	uni02E5_uni02E5_uni02E9
	uni02E5_uni02E6
	uni02E5_uni02E6_uni02E5
	uni02E5_uni02E6_uni02E6
	uni02E5_uni02E6_uni02E7
	uni02E5_uni02E6_uni02E8
	uni02E5_uni02E6_uni02E9
	uni02E5_uni02E7
	uni02E5_uni02E7_uni02E5
	uni02E5_uni02E7_uni02E6
	uni02E5_uni02E7_uni02E7
	uni02E5_uni02E7_uni02E8
	uni02E5_uni02E7_uni02E9
	uni02E5_uni02E8
	uni02E5_uni02E8_uni02E5
	uni02E5_uni02E8_uni02E6
	uni02E5_uni02E8_uni02E7
	uni02E5_uni02E8_uni02E8
	uni02E5_uni02E8_uni02E9
	uni02E5_uni02E9
	uni02E5_uni02E9_uni02E5
	uni02E5_uni02E9_uni02E6
	uni02E5_uni02E9_uni02E7
	uni02E5_uni02E9_uni02E8
	uni02E5_uni02E9_uni02E9
	uni02E6_uni02E5
	uni02E6_uni02E5_uni02E5
	uni02E6_uni02E5_uni02E6
	uni02E6_uni02E5_uni02E7
	uni02E6_uni02E5_uni02E8
	uni02E6_uni02E5_uni02E9
	uni02E6_uni02E6_uni02E5
	uni02E6_uni02E6_uni02E7
	uni02E6_uni02E6_uni02E8
	uni02E6_uni02E6_uni02E9
	uni02E6_uni02E7
	uni02E6_uni02E7_uni02E5
	uni02E6_uni02E7_uni02E6
	uni02E6_uni02E7_uni02E7
	uni02E6_uni02E7_uni02E8
	uni02E6_uni02E7_uni02E9
	uni02E6_uni02E8
	uni02E6_uni02E8_uni02E5
	uni02E6_uni02E8_uni02E6
	uni02E6_uni02E8_uni02E7
	uni02E6_uni02E8_uni02E8
	uni02E6_uni02E8_uni02E9
	uni02E6_uni02E9
	uni02E6_uni02E9_uni02E5
	uni02E6_uni02E9_uni02E6
	uni02E6_uni02E9_uni02E7
	uni02E6_uni02E9_uni02E8
	uni02E6_uni02E9_uni02E9
	uni02E7_uni02E5
	uni02E7_uni02E5_uni02E5
	uni02E7_uni02E5_uni02E6
	uni02E7_uni02E5_uni02E7
	uni02E7_uni02E5_uni02E8
	uni02E7_uni02E5_uni02E9
	uni02E7_uni02E6
	uni02E7_uni02E6_uni02E5
	uni02E7_uni02E6_uni02E6
	uni02E7_uni02E6_uni02E7
	uni02E7_uni02E6_uni02E8
	uni02E7_uni02E6_uni02E9
	uni02E7_uni02E7_uni02E5
	uni02E7_uni02E7_uni02E6
	uni02E7_uni02E7_uni02E8
	uni02E7_uni02E7_uni02E9
	uni02E7_uni02E8
	uni02E7_uni02E8_uni02E5
	uni02E7_uni02E8_uni02E6
	uni02E7_uni02E8_uni02E7
	uni02E7_uni02E8_uni02E8
	uni02E7_uni02E8_uni02E9
	uni02E7_uni02E9
	uni02E7_uni02E9_uni02E5
	uni02E7_uni02E9_uni02E6
	uni02E7_uni02E9_uni02E7
	uni02E7_uni02E9_uni02E8
	uni02E7_uni02E9_uni02E9
	uni02E8_uni02E5
	uni02E8_uni02E5_uni02E5
	uni02E8_uni02E5_uni02E6
	uni02E8_uni02E5_uni02E7
	uni02E8_uni02E5_uni02E8
	uni02E8_uni02E5_uni02E9
	uni02E8_uni02E6
	uni02E8_uni02E6_uni02E5
	uni02E8_uni02E6_uni02E6
	uni02E8_uni02E6_uni02E7
	uni02E8_uni02E6_uni02E8
	uni02E8_uni02E6_uni02E9
	uni02E8_uni02E7
	uni02E8_uni02E7_uni02E5
	uni02E8_uni02E7_uni02E6
	uni02E8_uni02E7_uni02E7
	uni02E8_uni02E7_uni02E8
	uni02E8_uni02E7_uni02E9
	uni02E8_uni02E8_uni02E5
	uni02E8_uni02E8_uni02E6
	uni02E8_uni02E8_uni02E7
	uni02E8_uni02E8_uni02E9
	uni02E8_uni02E9
	uni02E8_uni02E9_uni02E5
	uni02E8_uni02E9_uni02E6
	uni02E8_uni02E9_uni02E7
	uni02E8_uni02E9_uni02E8
	uni02E8_uni02E9_uni02E9
	uni02E9_uni02E5
	uni02E9_uni02E5_uni02E5
	uni02E9_uni02E5_uni02E6
	uni02E9_uni02E5_uni02E7
	uni02E9_uni02E5_uni02E8
	uni02E9_uni02E5_uni02E9
	uni02E9_uni02E6
	uni02E9_uni02E6_uni02E5
	uni02E9_uni02E6_uni02E6
	uni02E9_uni02E6_uni02E7
	uni02E9_uni02E6_uni02E8
	uni02E9_uni02E6_uni02E9
	uni02E9_uni02E7
	uni02E9_uni02E7_uni02E5
	uni02E9_uni02E7_uni02E6
	uni02E9_uni02E7_uni02E7
	uni02E9_uni02E7_uni02E8
	uni02E9_uni02E7_uni02E9
	uni02E9_uni02E8
	uni02E9_uni02E8_uni02E5
	uni02E9_uni02E8_uni02E6
	uni02E9_uni02E8_uni02E7
	uni02E9_uni02E8_uni02E8
	uni02E9_uni02E8_uni02E9
	uni02E9_uni02E9_uni02E5
	uni02E9_uni02E9_uni02E6
	uni02E9_uni02E9_uni02E7
	uni02E9_uni02E9_uni02E8
	uni030C_uni1ABB
	uni1AB8_uni1ABD
	uni1AB9_uni1ABD
	uni1ABA_uni1ABD
2016-11-30 13:04:55,283 MutatorMath Writing Roboto-ThinItalic.ufo to ../../instance_ufo/Roboto-ThinItalic.ufo
2016-11-30 13:04:55,405 MutatorMath 	Multiple unicode values for glyph Omega: 937, 8486
2016-11-30 13:04:55,406 MutatorMath 	Multiple unicode values for glyph Delta: 916, 8710
2016-11-30 13:08:18,953 MutatorMath ../../instance_ufo/Roboto-ThinItalic.ufo:
Errors calculating 1 glyphs: 
	hornnosp
2016-11-30 13:08:18,954 MutatorMath ../../instance_ufo/Roboto-ThinItalic.ufo:
Possibly missing unicodes for 202 glyphs: 
	a_uni02DE
	acutedotcomb
	ascript_uni02DE
	ascriptturn_uni02DE
	aturn_uni02DE
	bbar_uni1ABE
	breveacutecomb
	brevegravecomb
	brevehookcomb
	breveinvsubnosp_uni1ABD
	brevetildecomb
	carondotcomb
	caronnosp
	caronsubnosp
	circumflexacutecomb
	circumflexgravecomb
	circumflexhookcomb
	circumflextildecomb
	commaaboverightcomb
	commaaccentrotate
	crossbar
	cyrillicbreve
	cyrillichook
	cyrillichookleft
	cyrillictic
	dasiaoxia
	dcroat_uni1ABE
	dieresisacutecomb
	dieresiscaroncomb
	dieresisgravecomb
	dieresismacroncomb
	dieresisnosp_uni1ABB
	dotbelow_uni1ABD
	dotdblsubnosp_uni1ABD
	dotmacroncomb
	eng_uni1ABE
	epsilon1revclosed_uni02DE
	gbar_uni1ABE
	iota1_uni02DE
	iotasubnosp_uni1ABD
	largerighthook
	linevertsubnosp_uni1ABD
	lmidtilde_uni1ABE
	macronacutecomb
	macroncomb_uni1ABB
	macrondieresiscomb
	macrongravecomb
	o_uni02DE
	oopen_uni02DE
	ringacute
	ringsubnosp_uni1ABD
	rrthook_uni1ABE
	tildeacutecomb
	tildecomb_uni1ABB
	tildecomb_uni1ABC
	tildedieresiscomb
	tildemacroncomb
	tildesubnosp_uni1ABD
	uni02E5_uni02E5_uni02E6
	uni02E5_uni02E5_uni02E7
	uni02E5_uni02E5_uni02E8
	uni02E5_uni02E5_uni02E9
	uni02E5_uni02E6
	uni02E5_uni02E6_uni02E5
	uni02E5_uni02E6_uni02E6
	uni02E5_uni02E6_uni02E7
	uni02E5_uni02E6_uni02E8
	uni02E5_uni02E6_uni02E9
	uni02E5_uni02E7
	uni02E5_uni02E7_uni02E5
	uni02E5_uni02E7_uni02E6
	uni02E5_uni02E7_uni02E7
	uni02E5_uni02E7_uni02E8
	uni02E5_uni02E7_uni02E9
	uni02E5_uni02E8
	uni02E5_uni02E8_uni02E5
	uni02E5_uni02E8_uni02E6
	uni02E5_uni02E8_uni02E7
	uni02E5_uni02E8_uni02E8
	uni02E5_uni02E8_uni02E9
	uni02E5_uni02E9
	uni02E5_uni02E9_uni02E5
	uni02E5_uni02E9_uni02E6
	uni02E5_uni02E9_uni02E7
	uni02E5_uni02E9_uni02E8
	uni02E5_uni02E9_uni02E9
	uni02E6_uni02E5
	uni02E6_uni02E5_uni02E5
	uni02E6_uni02E5_uni02E6
	uni02E6_uni02E5_uni02E7
	uni02E6_uni02E5_uni02E8
	uni02E6_uni02E5_uni02E9
	uni02E6_uni02E6_uni02E5
	uni02E6_uni02E6_uni02E7
	uni02E6_uni02E6_uni02E8
	uni02E6_uni02E6_uni02E9
	uni02E6_uni02E7
	uni02E6_uni02E7_uni02E5
	uni02E6_uni02E7_uni02E6
	uni02E6_uni02E7_uni02E7
	uni02E6_uni02E7_uni02E8
	uni02E6_uni02E7_uni02E9
	uni02E6_uni02E8
	uni02E6_uni02E8_uni02E5
	uni02E6_uni02E8_uni02E6
	uni02E6_uni02E8_uni02E7
	uni02E6_uni02E8_uni02E8
	uni02E6_uni02E8_uni02E9
	uni02E6_uni02E9
	uni02E6_uni02E9_uni02E5
	uni02E6_uni02E9_uni02E6
	uni02E6_uni02E9_uni02E7
	uni02E6_uni02E9_uni02E8
	uni02E6_uni02E9_uni02E9
	uni02E7_uni02E5
	uni02E7_uni02E5_uni02E5
	uni02E7_uni02E5_uni02E6
	uni02E7_uni02E5_uni02E7
	uni02E7_uni02E5_uni02E8
	uni02E7_uni02E5_uni02E9
	uni02E7_uni02E6
	uni02E7_uni02E6_uni02E5
	uni02E7_uni02E6_uni02E6
	uni02E7_uni02E6_uni02E7
	uni02E7_uni02E6_uni02E8
	uni02E7_uni02E6_uni02E9
	uni02E7_uni02E7_uni02E5
	uni02E7_uni02E7_uni02E6
	uni02E7_uni02E7_uni02E8
	uni02E7_uni02E7_uni02E9
	uni02E7_uni02E8
	uni02E7_uni02E8_uni02E5
	uni02E7_uni02E8_uni02E6
	uni02E7_uni02E8_uni02E7
	uni02E7_uni02E8_uni02E8
	uni02E7_uni02E8_uni02E9
	uni02E7_uni02E9
	uni02E7_uni02E9_uni02E5
	uni02E7_uni02E9_uni02E6
	uni02E7_uni02E9_uni02E7
	uni02E7_uni02E9_uni02E8
	uni02E7_uni02E9_uni02E9
	uni02E8_uni02E5
	uni02E8_uni02E5_uni02E5
	uni02E8_uni02E5_uni02E6
	uni02E8_uni02E5_uni02E7
	uni02E8_uni02E5_uni02E8
	uni02E8_uni02E5_uni02E9
	uni02E8_uni02E6
	uni02E8_uni02E6_uni02E5
	uni02E8_uni02E6_uni02E6
	uni02E8_uni02E6_uni02E7
	uni02E8_uni02E6_uni02E8
	uni02E8_uni02E6_uni02E9
	uni02E8_uni02E7
	uni02E8_uni02E7_uni02E5
	uni02E8_uni02E7_uni02E6
	uni02E8_uni02E7_uni02E7
	uni02E8_uni02E7_uni02E8
	uni02E8_uni02E7_uni02E9
	uni02E8_uni02E8_uni02E5
	uni02E8_uni02E8_uni02E6
	uni02E8_uni02E8_uni02E7
	uni02E8_uni02E8_uni02E9
	uni02E8_uni02E9
	uni02E8_uni02E9_uni02E5
	uni02E8_uni02E9_uni02E6
	uni02E8_uni02E9_uni02E7
	uni02E8_uni02E9_uni02E8
	uni02E8_uni02E9_uni02E9
	uni02E9_uni02E5
	uni02E9_uni02E5_uni02E5
	uni02E9_uni02E5_uni02E6
	uni02E9_uni02E5_uni02E7
	uni02E9_uni02E5_uni02E8
	uni02E9_uni02E5_uni02E9
	uni02E9_uni02E6
	uni02E9_uni02E6_uni02E5
	uni02E9_uni02E6_uni02E6
	uni02E9_uni02E6_uni02E7
	uni02E9_uni02E6_uni02E8
	uni02E9_uni02E6_uni02E9
	uni02E9_uni02E7
	uni02E9_uni02E7_uni02E5
	uni02E9_uni02E7_uni02E6
	uni02E9_uni02E7_uni02E7
	uni02E9_uni02E7_uni02E8
	uni02E9_uni02E7_uni02E9
	uni02E9_uni02E8
	uni02E9_uni02E8_uni02E5
	uni02E9_uni02E8_uni02E6
	uni02E9_uni02E8_uni02E7
	uni02E9_uni02E8_uni02E8
	uni02E9_uni02E8_uni02E9
	uni02E9_uni02E9_uni02E5
	uni02E9_uni02E9_uni02E6
	uni02E9_uni02E9_uni02E7
	uni02E9_uni02E9_uni02E8
	uni030C_uni1ABB
	uni1AB8_uni1ABD
	uni1AB9_uni1ABD
	uni1ABA_uni1ABD
2016-11-30 13:08:20,463 MutatorMath Writing Roboto-LightItalic.ufo to ../../instance_ufo/Roboto-LightItalic.ufo
2016-11-30 13:08:20,578 MutatorMath 	Multiple unicode values for glyph Omega: 937, 8486
2016-11-30 13:08:20,580 MutatorMath 	Multiple unicode values for glyph Delta: 916, 8710
2016-11-30 13:12:13,112 MutatorMath ../../instance_ufo/Roboto-LightItalic.ufo:
Errors calculating 1 glyphs: 
	hornnosp
2016-11-30 13:12:13,112 MutatorMath ../../instance_ufo/Roboto-LightItalic.ufo:
Possibly missing unicodes for 202 glyphs: 
	a_uni02DE
	acutedotcomb
	ascript_uni02DE
	ascriptturn_uni02DE
	aturn_uni02DE
	bbar_uni1ABE
	breveacutecomb
	brevegravecomb
	brevehookcomb
	breveinvsubnosp_uni1ABD
	brevetildecomb
	carondotcomb
	caronnosp
	caronsubnosp
	circumflexacutecomb
	circumflexgravecomb
	circumflexhookcomb
	circumflextildecomb
	commaaboverightcomb
	commaaccentrotate
	crossbar
	cyrillicbreve
	cyrillichook
	cyrillichookleft
	cyrillictic
	dasiaoxia
	dcroat_uni1ABE
	dieresisacutecomb
	dieresiscaroncomb
	dieresisgravecomb
	dieresismacroncomb
	dieresisnosp_uni1ABB
	dotbelow_uni1ABD
	dotdblsubnosp_uni1ABD
	dotmacroncomb
	eng_uni1ABE
	epsilon1revclosed_uni02DE
	gbar_uni1ABE
	iota1_uni02DE
	iotasubnosp_uni1ABD
	largerighthook
	linevertsubnosp_uni1ABD
	lmidtilde_uni1ABE
	macronacutecomb
	macroncomb_uni1ABB
	macrondieresiscomb
	macrongravecomb
	o_uni02DE
	oopen_uni02DE
	ringacute
	ringsubnosp_uni1ABD
	rrthook_uni1ABE
	tildeacutecomb
	tildecomb_uni1ABB
	tildecomb_uni1ABC
	tildedieresiscomb
	tildemacroncomb
	tildesubnosp_uni1ABD
	uni02E5_uni02E5_uni02E6
	uni02E5_uni02E5_uni02E7
	uni02E5_uni02E5_uni02E8
	uni02E5_uni02E5_uni02E9
	uni02E5_uni02E6
	uni02E5_uni02E6_uni02E5
	uni02E5_uni02E6_uni02E6
	uni02E5_uni02E6_uni02E7
	uni02E5_uni02E6_uni02E8
	uni02E5_uni02E6_uni02E9
	uni02E5_uni02E7
	uni02E5_uni02E7_uni02E5
	uni02E5_uni02E7_uni02E6
	uni02E5_uni02E7_uni02E7
	uni02E5_uni02E7_uni02E8
	uni02E5_uni02E7_uni02E9
	uni02E5_uni02E8
	uni02E5_uni02E8_uni02E5
	uni02E5_uni02E8_uni02E6
	uni02E5_uni02E8_uni02E7
	uni02E5_uni02E8_uni02E8
	uni02E5_uni02E8_uni02E9
	uni02E5_uni02E9
	uni02E5_uni02E9_uni02E5
	uni02E5_uni02E9_uni02E6
	uni02E5_uni02E9_uni02E7
	uni02E5_uni02E9_uni02E8
	uni02E5_uni02E9_uni02E9
	uni02E6_uni02E5
	uni02E6_uni02E5_uni02E5
	uni02E6_uni02E5_uni02E6
	uni02E6_uni02E5_uni02E7
	uni02E6_uni02E5_uni02E8
	uni02E6_uni02E5_uni02E9
	uni02E6_uni02E6_uni02E5
	uni02E6_uni02E6_uni02E7
	uni02E6_uni02E6_uni02E8
	uni02E6_uni02E6_uni02E9
	uni02E6_uni02E7
	uni02E6_uni02E7_uni02E5
	uni02E6_uni02E7_uni02E6
	uni02E6_uni02E7_uni02E7
	uni02E6_uni02E7_uni02E8
	uni02E6_uni02E7_uni02E9
	uni02E6_uni02E8
	uni02E6_uni02E8_uni02E5
	uni02E6_uni02E8_uni02E6
	uni02E6_uni02E8_uni02E7
	uni02E6_uni02E8_uni02E8
	uni02E6_uni02E8_uni02E9
	uni02E6_uni02E9
	uni02E6_uni02E9_uni02E5
	uni02E6_uni02E9_uni02E6
	uni02E6_uni02E9_uni02E7
	uni02E6_uni02E9_uni02E8
	uni02E6_uni02E9_uni02E9
	uni02E7_uni02E5
	uni02E7_uni02E5_uni02E5
	uni02E7_uni02E5_uni02E6
	uni02E7_uni02E5_uni02E7
	uni02E7_uni02E5_uni02E8
	uni02E7_uni02E5_uni02E9
	uni02E7_uni02E6
	uni02E7_uni02E6_uni02E5
	uni02E7_uni02E6_uni02E6
	uni02E7_uni02E6_uni02E7
	uni02E7_uni02E6_uni02E8
	uni02E7_uni02E6_uni02E9
	uni02E7_uni02E7_uni02E5
	uni02E7_uni02E7_uni02E6
	uni02E7_uni02E7_uni02E8
	uni02E7_uni02E7_uni02E9
	uni02E7_uni02E8
	uni02E7_uni02E8_uni02E5
	uni02E7_uni02E8_uni02E6
	uni02E7_uni02E8_uni02E7
	uni02E7_uni02E8_uni02E8
	uni02E7_uni02E8_uni02E9
	uni02E7_uni02E9
	uni02E7_uni02E9_uni02E5
	uni02E7_uni02E9_uni02E6
	uni02E7_uni02E9_uni02E7
	uni02E7_uni02E9_uni02E8
	uni02E7_uni02E9_uni02E9
	uni02E8_uni02E5
	uni02E8_uni02E5_uni02E5
	uni02E8_uni02E5_uni02E6
	uni02E8_uni02E5_uni02E7
	uni02E8_uni02E5_uni02E8
	uni02E8_uni02E5_uni02E9
	uni02E8_uni02E6
	uni02E8_uni02E6_uni02E5
	uni02E8_uni02E6_uni02E6
	uni02E8_uni02E6_uni02E7
	uni02E8_uni02E6_uni02E8
	uni02E8_uni02E6_uni02E9
	uni02E8_uni02E7
	uni02E8_uni02E7_uni02E5
	uni02E8_uni02E7_uni02E6
	uni02E8_uni02E7_uni02E7
	uni02E8_uni02E7_uni02E8
	uni02E8_uni02E7_uni02E9
	uni02E8_uni02E8_uni02E5
	uni02E8_uni02E8_uni02E6
	uni02E8_uni02E8_uni02E7
	uni02E8_uni02E8_uni02E9
	uni02E8_uni02E9
	uni02E8_uni02E9_uni02E5
	uni02E8_uni02E9_uni02E6
	uni02E8_uni02E9_uni02E7
	uni02E8_uni02E9_uni02E8
	uni02E8_uni02E9_uni02E9
	uni02E9_uni02E5
	uni02E9_uni02E5_uni02E5
	uni02E9_uni02E5_uni02E6
	uni02E9_uni02E5_uni02E7
	uni02E9_uni02E5_uni02E8
	uni02E9_uni02E5_uni02E9
	uni02E9_uni02E6
	uni02E9_uni02E6_uni02E5
	uni02E9_uni02E6_uni02E6
	uni02E9_uni02E6_uni02E7
	uni02E9_uni02E6_uni02E8
	uni02E9_uni02E6_uni02E9
	uni02E9_uni02E7
	uni02E9_uni02E7_uni02E5
	uni02E9_uni02E7_uni02E6
	uni02E9_uni02E7_uni02E7
	uni02E9_uni02E7_uni02E8
	uni02E9_uni02E7_uni02E9
	uni02E9_uni02E8
	uni02E9_uni02E8_uni02E5
	uni02E9_uni02E8_uni02E6
	uni02E9_uni02E8_uni02E7
	uni02E9_uni02E8_uni02E8
	uni02E9_uni02E8_uni02E9
	uni02E9_uni02E9_uni02E5
	uni02E9_uni02E9_uni02E6
	uni02E9_uni02E9_uni02E7
	uni02E9_uni02E9_uni02E8
	uni030C_uni1ABB
	uni1AB8_uni1ABD
	uni1AB9_uni1ABD
	uni1ABA_uni1ABD
2016-11-30 13:12:14,756 MutatorMath Writing Roboto-Italic.ufo to ../../instance_ufo/Roboto-Italic.ufo
2016-11-30 13:12:14,892 MutatorMath 	Multiple unicode values for glyph Omega: 937, 8486
2016-11-30 13:12:14,893 MutatorMath 	Multiple unicode values for glyph Delta: 916, 8710
2016-11-30 13:16:22,565 MutatorMath ../../instance_ufo/Roboto-Italic.ufo:
Errors calculating 1 glyphs: 
	hornnosp
2016-11-30 13:16:22,566 MutatorMath ../../instance_ufo/Roboto-Italic.ufo:
Possibly missing unicodes for 202 glyphs: 
	a_uni02DE
	acutedotcomb
	ascript_uni02DE
	ascriptturn_uni02DE
	aturn_uni02DE
	bbar_uni1ABE
	breveacutecomb
	brevegravecomb
	brevehookcomb
	breveinvsubnosp_uni1ABD
	brevetildecomb
	carondotcomb
	caronnosp
	caronsubnosp
	circumflexacutecomb
	circumflexgravecomb
	circumflexhookcomb
	circumflextildecomb
	commaaboverightcomb
	commaaccentrotate
	crossbar
	cyrillicbreve
	cyrillichook
	cyrillichookleft
	cyrillictic
	dasiaoxia
	dcroat_uni1ABE
	dieresisacutecomb
	dieresiscaroncomb
	dieresisgravecomb
	dieresismacroncomb
	dieresisnosp_uni1ABB
	dotbelow_uni1ABD
	dotdblsubnosp_uni1ABD
	dotmacroncomb
	eng_uni1ABE
	epsilon1revclosed_uni02DE
	gbar_uni1ABE
	iota1_uni02DE
	iotasubnosp_uni1ABD
	largerighthook
	linevertsubnosp_uni1ABD
	lmidtilde_uni1ABE
	macronacutecomb
	macroncomb_uni1ABB
	macrondieresiscomb
	macrongravecomb
	o_uni02DE
	oopen_uni02DE
	ringacute
	ringsubnosp_uni1ABD
	rrthook_uni1ABE
	tildeacutecomb
	tildecomb_uni1ABB
	tildecomb_uni1ABC
	tildedieresiscomb
	tildemacroncomb
	tildesubnosp_uni1ABD
	uni02E5_uni02E5_uni02E6
	uni02E5_uni02E5_uni02E7
	uni02E5_uni02E5_uni02E8
	uni02E5_uni02E5_uni02E9
	uni02E5_uni02E6
	uni02E5_uni02E6_uni02E5
	uni02E5_uni02E6_uni02E6
	uni02E5_uni02E6_uni02E7
	uni02E5_uni02E6_uni02E8
	uni02E5_uni02E6_uni02E9
	uni02E5_uni02E7
	uni02E5_uni02E7_uni02E5
	uni02E5_uni02E7_uni02E6
	uni02E5_uni02E7_uni02E7
	uni02E5_uni02E7_uni02E8
	uni02E5_uni02E7_uni02E9
	uni02E5_uni02E8
	uni02E5_uni02E8_uni02E5
	uni02E5_uni02E8_uni02E6
	uni02E5_uni02E8_uni02E7
	uni02E5_uni02E8_uni02E8
	uni02E5_uni02E8_uni02E9
	uni02E5_uni02E9
	uni02E5_uni02E9_uni02E5
	uni02E5_uni02E9_uni02E6
	uni02E5_uni02E9_uni02E7
	uni02E5_uni02E9_uni02E8
	uni02E5_uni02E9_uni02E9
	uni02E6_uni02E5
	uni02E6_uni02E5_uni02E5
	uni02E6_uni02E5_uni02E6
	uni02E6_uni02E5_uni02E7
	uni02E6_uni02E5_uni02E8
	uni02E6_uni02E5_uni02E9
	uni02E6_uni02E6_uni02E5
	uni02E6_uni02E6_uni02E7
	uni02E6_uni02E6_uni02E8
	uni02E6_uni02E6_uni02E9
	uni02E6_uni02E7
	uni02E6_uni02E7_uni02E5
	uni02E6_uni02E7_uni02E6
	uni02E6_uni02E7_uni02E7
	uni02E6_uni02E7_uni02E8
	uni02E6_uni02E7_uni02E9
	uni02E6_uni02E8
	uni02E6_uni02E8_uni02E5
	uni02E6_uni02E8_uni02E6
	uni02E6_uni02E8_uni02E7
	uni02E6_uni02E8_uni02E8
	uni02E6_uni02E8_uni02E9
	uni02E6_uni02E9
	uni02E6_uni02E9_uni02E5
	uni02E6_uni02E9_uni02E6
	uni02E6_uni02E9_uni02E7
	uni02E6_uni02E9_uni02E8
	uni02E6_uni02E9_uni02E9
	uni02E7_uni02E5
	uni02E7_uni02E5_uni02E5
	uni02E7_uni02E5_uni02E6
	uni02E7_uni02E5_uni02E7
	uni02E7_uni02E5_uni02E8
	uni02E7_uni02E5_uni02E9
	uni02E7_uni02E6
	uni02E7_uni02E6_uni02E5
	uni02E7_uni02E6_uni02E6
	uni02E7_uni02E6_uni02E7
	uni02E7_uni02E6_uni02E8
	uni02E7_uni02E6_uni02E9
	uni02E7_uni02E7_uni02E5
	uni02E7_uni02E7_uni02E6
	uni02E7_uni02E7_uni02E8
	uni02E7_uni02E7_uni02E9
	uni02E7_uni02E8
	uni02E7_uni02E8_uni02E5
	uni02E7_uni02E8_uni02E6
	uni02E7_uni02E8_uni02E7
	uni02E7_uni02E8_uni02E8
	uni02E7_uni02E8_uni02E9
	uni02E7_uni02E9
	uni02E7_uni02E9_uni02E5
	uni02E7_uni02E9_uni02E6
	uni02E7_uni02E9_uni02E7
	uni02E7_uni02E9_uni02E8
	uni02E7_uni02E9_uni02E9
	uni02E8_uni02E5
	uni02E8_uni02E5_uni02E5
	uni02E8_uni02E5_uni02E6
	uni02E8_uni02E5_uni02E7
	uni02E8_uni02E5_uni02E8
	uni02E8_uni02E5_uni02E9
	uni02E8_uni02E6
	uni02E8_uni02E6_uni02E5
	uni02E8_uni02E6_uni02E6
	uni02E8_uni02E6_uni02E7
	uni02E8_uni02E6_uni02E8
	uni02E8_uni02E6_uni02E9
	uni02E8_uni02E7
	uni02E8_uni02E7_uni02E5
	uni02E8_uni02E7_uni02E6
	uni02E8_uni02E7_uni02E7
	uni02E8_uni02E7_uni02E8
	uni02E8_uni02E7_uni02E9
	uni02E8_uni02E8_uni02E5
	uni02E8_uni02E8_uni02E6
	uni02E8_uni02E8_uni02E7
	uni02E8_uni02E8_uni02E9
	uni02E8_uni02E9
	uni02E8_uni02E9_uni02E5
	uni02E8_uni02E9_uni02E6
	uni02E8_uni02E9_uni02E7
	uni02E8_uni02E9_uni02E8
	uni02E8_uni02E9_uni02E9
	uni02E9_uni02E5
	uni02E9_uni02E5_uni02E5
	uni02E9_uni02E5_uni02E6
	uni02E9_uni02E5_uni02E7
	uni02E9_uni02E5_uni02E8
	uni02E9_uni02E5_uni02E9
	uni02E9_uni02E6
	uni02E9_uni02E6_uni02E5
	uni02E9_uni02E6_uni02E6
	uni02E9_uni02E6_uni02E7
	uni02E9_uni02E6_uni02E8
	uni02E9_uni02E6_uni02E9
	uni02E9_uni02E7
	uni02E9_uni02E7_uni02E5
	uni02E9_uni02E7_uni02E6
	uni02E9_uni02E7_uni02E7
	uni02E9_uni02E7_uni02E8
	uni02E9_uni02E7_uni02E9
	uni02E9_uni02E8
	uni02E9_uni02E8_uni02E5
	uni02E9_uni02E8_uni02E6
	uni02E9_uni02E8_uni02E7
	uni02E9_uni02E8_uni02E8
	uni02E9_uni02E8_uni02E9
	uni02E9_uni02E9_uni02E5
	uni02E9_uni02E9_uni02E6
	uni02E9_uni02E9_uni02E7
	uni02E9_uni02E9_uni02E8
	uni030C_uni1ABB
	uni1AB8_uni1ABD
	uni1AB9_uni1ABD
	uni1ABA_uni1ABD
2016-11-30 13:16:24,293 MutatorMath Writing Roboto-MediumItalic.ufo to ../../instance_ufo/Roboto-MediumItalic.ufo
2016-11-30 13:16:24,475 MutatorMath 	Multiple unicode values for glyph Omega: 937, 8486
2016-11-30 13:16:24,476 MutatorMath 	Multiple unicode values for glyph Delta: 916, 8710
2016-11-30 13:20:53,396 MutatorMath ../../instance_ufo/Roboto-MediumItalic.ufo:
Errors calculating 1 glyphs: 
	hornnosp
2016-11-30 13:20:53,397 MutatorMath ../../instance_ufo/Roboto-MediumItalic.ufo:
Possibly missing unicodes for 202 glyphs: 
	a_uni02DE
	acutedotcomb
	ascript_uni02DE
	ascriptturn_uni02DE
	aturn_uni02DE
	bbar_uni1ABE
	breveacutecomb
	brevegravecomb
	brevehookcomb
	breveinvsubnosp_uni1ABD
	brevetildecomb
	carondotcomb
	caronnosp
	caronsubnosp
	circumflexacutecomb
	circumflexgravecomb
	circumflexhookcomb
	circumflextildecomb
	commaaboverightcomb
	commaaccentrotate
	crossbar
	cyrillicbreve
	cyrillichook
	cyrillichookleft
	cyrillictic
	dasiaoxia
	dcroat_uni1ABE
	dieresisacutecomb
	dieresiscaroncomb
	dieresisgravecomb
	dieresismacroncomb
	dieresisnosp_uni1ABB
	dotbelow_uni1ABD
	dotdblsubnosp_uni1ABD
	dotmacroncomb
	eng_uni1ABE
	epsilon1revclosed_uni02DE
	gbar_uni1ABE
	iota1_uni02DE
	iotasubnosp_uni1ABD
	largerighthook
	linevertsubnosp_uni1ABD
	lmidtilde_uni1ABE
	macronacutecomb
	macroncomb_uni1ABB
	macrondieresiscomb
	macrongravecomb
	o_uni02DE
	oopen_uni02DE
	ringacute
	ringsubnosp_uni1ABD
	rrthook_uni1ABE
	tildeacutecomb
	tildecomb_uni1ABB
	tildecomb_uni1ABC
	tildedieresiscomb
	tildemacroncomb
	tildesubnosp_uni1ABD
	uni02E5_uni02E5_uni02E6
	uni02E5_uni02E5_uni02E7
	uni02E5_uni02E5_uni02E8
	uni02E5_uni02E5_uni02E9
	uni02E5_uni02E6
	uni02E5_uni02E6_uni02E5
	uni02E5_uni02E6_uni02E6
	uni02E5_uni02E6_uni02E7
	uni02E5_uni02E6_uni02E8
	uni02E5_uni02E6_uni02E9
	uni02E5_uni02E7
	uni02E5_uni02E7_uni02E5
	uni02E5_uni02E7_uni02E6
	uni02E5_uni02E7_uni02E7
	uni02E5_uni02E7_uni02E8
	uni02E5_uni02E7_uni02E9
	uni02E5_uni02E8
	uni02E5_uni02E8_uni02E5
	uni02E5_uni02E8_uni02E6
	uni02E5_uni02E8_uni02E7
	uni02E5_uni02E8_uni02E8
	uni02E5_uni02E8_uni02E9
	uni02E5_uni02E9
	uni02E5_uni02E9_uni02E5
	uni02E5_uni02E9_uni02E6
	uni02E5_uni02E9_uni02E7
	uni02E5_uni02E9_uni02E8
	uni02E5_uni02E9_uni02E9
	uni02E6_uni02E5
	uni02E6_uni02E5_uni02E5
	uni02E6_uni02E5_uni02E6
	uni02E6_uni02E5_uni02E7
	uni02E6_uni02E5_uni02E8
	uni02E6_uni02E5_uni02E9
	uni02E6_uni02E6_uni02E5
	uni02E6_uni02E6_uni02E7
	uni02E6_uni02E6_uni02E8
	uni02E6_uni02E6_uni02E9
	uni02E6_uni02E7
	uni02E6_uni02E7_uni02E5
	uni02E6_uni02E7_uni02E6
	uni02E6_uni02E7_uni02E7
	uni02E6_uni02E7_uni02E8
	uni02E6_uni02E7_uni02E9
	uni02E6_uni02E8
	uni02E6_uni02E8_uni02E5
	uni02E6_uni02E8_uni02E6
	uni02E6_uni02E8_uni02E7
	uni02E6_uni02E8_uni02E8
	uni02E6_uni02E8_uni02E9
	uni02E6_uni02E9
	uni02E6_uni02E9_uni02E5
	uni02E6_uni02E9_uni02E6
	uni02E6_uni02E9_uni02E7
	uni02E6_uni02E9_uni02E8
	uni02E6_uni02E9_uni02E9
	uni02E7_uni02E5
	uni02E7_uni02E5_uni02E5
	uni02E7_uni02E5_uni02E6
	uni02E7_uni02E5_uni02E7
	uni02E7_uni02E5_uni02E8
	uni02E7_uni02E5_uni02E9
	uni02E7_uni02E6
	uni02E7_uni02E6_uni02E5
	uni02E7_uni02E6_uni02E6
	uni02E7_uni02E6_uni02E7
	uni02E7_uni02E6_uni02E8
	uni02E7_uni02E6_uni02E9
	uni02E7_uni02E7_uni02E5
	uni02E7_uni02E7_uni02E6
	uni02E7_uni02E7_uni02E8
	uni02E7_uni02E7_uni02E9
	uni02E7_uni02E8
	uni02E7_uni02E8_uni02E5
	uni02E7_uni02E8_uni02E6
	uni02E7_uni02E8_uni02E7
	uni02E7_uni02E8_uni02E8
	uni02E7_uni02E8_uni02E9
	uni02E7_uni02E9
	uni02E7_uni02E9_uni02E5
	uni02E7_uni02E9_uni02E6
	uni02E7_uni02E9_uni02E7
	uni02E7_uni02E9_uni02E8
	uni02E7_uni02E9_uni02E9
	uni02E8_uni02E5
	uni02E8_uni02E5_uni02E5
	uni02E8_uni02E5_uni02E6
	uni02E8_uni02E5_uni02E7
	uni02E8_uni02E5_uni02E8
	uni02E8_uni02E5_uni02E9
	uni02E8_uni02E6
	uni02E8_uni02E6_uni02E5
	uni02E8_uni02E6_uni02E6
	uni02E8_uni02E6_uni02E7
	uni02E8_uni02E6_uni02E8
	uni02E8_uni02E6_uni02E9
	uni02E8_uni02E7
	uni02E8_uni02E7_uni02E5
	uni02E8_uni02E7_uni02E6
	uni02E8_uni02E7_uni02E7
	uni02E8_uni02E7_uni02E8
	uni02E8_uni02E7_uni02E9
	uni02E8_uni02E8_uni02E5
	uni02E8_uni02E8_uni02E6
	uni02E8_uni02E8_uni02E7
	uni02E8_uni02E8_uni02E9
	uni02E8_uni02E9
	uni02E8_uni02E9_uni02E5
	uni02E8_uni02E9_uni02E6
	uni02E8_uni02E9_uni02E7
	uni02E8_uni02E9_uni02E8
	uni02E8_uni02E9_uni02E9
	uni02E9_uni02E5
	uni02E9_uni02E5_uni02E5
	uni02E9_uni02E5_uni02E6
	uni02E9_uni02E5_uni02E7
	uni02E9_uni02E5_uni02E8
	uni02E9_uni02E5_uni02E9
	uni02E9_uni02E6
	uni02E9_uni02E6_uni02E5
	uni02E9_uni02E6_uni02E6
	uni02E9_uni02E6_uni02E7
	uni02E9_uni02E6_uni02E8
	uni02E9_uni02E6_uni02E9
	uni02E9_uni02E7
	uni02E9_uni02E7_uni02E5
	uni02E9_uni02E7_uni02E6
	uni02E9_uni02E7_uni02E7
	uni02E9_uni02E7_uni02E8
	uni02E9_uni02E7_uni02E9
	uni02E9_uni02E8
	uni02E9_uni02E8_uni02E5
	uni02E9_uni02E8_uni02E6
	uni02E9_uni02E8_uni02E7
	uni02E9_uni02E8_uni02E8
	uni02E9_uni02E8_uni02E9
	uni02E9_uni02E9_uni02E5
	uni02E9_uni02E9_uni02E6
	uni02E9_uni02E9_uni02E7
	uni02E9_uni02E9_uni02E8
	uni030C_uni1ABB
	uni1AB8_uni1ABD
	uni1AB9_uni1ABD
	uni1ABA_uni1ABD
2016-11-30 13:20:55,093 MutatorMath Writing Roboto-BoldItalic.ufo to ../../instance_ufo/Roboto-BoldItalic.ufo
2016-11-30 13:20:55,245 MutatorMath 	Multiple unicode values for glyph Omega: 937, 8486
2016-11-30 13:20:55,246 MutatorMath 	Multiple unicode values for glyph Delta: 916, 8710
2016-11-30 13:25:31,572 MutatorMath ../../instance_ufo/Roboto-BoldItalic.ufo:
Errors calculating 1 glyphs: 
	hornnosp
2016-11-30 13:25:31,572 MutatorMath ../../instance_ufo/Roboto-BoldItalic.ufo:
Possibly missing unicodes for 202 glyphs: 
	a_uni02DE
	acutedotcomb
	ascript_uni02DE
	ascriptturn_uni02DE
	aturn_uni02DE
	bbar_uni1ABE
	breveacutecomb
	brevegravecomb
	brevehookcomb
	breveinvsubnosp_uni1ABD
	brevetildecomb
	carondotcomb
	caronnosp
	caronsubnosp
	circumflexacutecomb
	circumflexgravecomb
	circumflexhookcomb
	circumflextildecomb
	commaaboverightcomb
	commaaccentrotate
	crossbar
	cyrillicbreve
	cyrillichook
	cyrillichookleft
	cyrillictic
	dasiaoxia
	dcroat_uni1ABE
	dieresisacutecomb
	dieresiscaroncomb
	dieresisgravecomb
	dieresismacroncomb
	dieresisnosp_uni1ABB
	dotbelow_uni1ABD
	dotdblsubnosp_uni1ABD
	dotmacroncomb
	eng_uni1ABE
	epsilon1revclosed_uni02DE
	gbar_uni1ABE
	iota1_uni02DE
	iotasubnosp_uni1ABD
	largerighthook
	linevertsubnosp_uni1ABD
	lmidtilde_uni1ABE
	macronacutecomb
	macroncomb_uni1ABB
	macrondieresiscomb
	macrongravecomb
	o_uni02DE
	oopen_uni02DE
	ringacute
	ringsubnosp_uni1ABD
	rrthook_uni1ABE
	tildeacutecomb
	tildecomb_uni1ABB
	tildecomb_uni1ABC
	tildedieresiscomb
	tildemacroncomb
	tildesubnosp_uni1ABD
	uni02E5_uni02E5_uni02E6
	uni02E5_uni02E5_uni02E7
	uni02E5_uni02E5_uni02E8
	uni02E5_uni02E5_uni02E9
	uni02E5_uni02E6
	uni02E5_uni02E6_uni02E5
	uni02E5_uni02E6_uni02E6
	uni02E5_uni02E6_uni02E7
	uni02E5_uni02E6_uni02E8
	uni02E5_uni02E6_uni02E9
	uni02E5_uni02E7
	uni02E5_uni02E7_uni02E5
	uni02E5_uni02E7_uni02E6
	uni02E5_uni02E7_uni02E7
	uni02E5_uni02E7_uni02E8
	uni02E5_uni02E7_uni02E9
	uni02E5_uni02E8
	uni02E5_uni02E8_uni02E5
	uni02E5_uni02E8_uni02E6
	uni02E5_uni02E8_uni02E7
	uni02E5_uni02E8_uni02E8
	uni02E5_uni02E8_uni02E9
	uni02E5_uni02E9
	uni02E5_uni02E9_uni02E5
	uni02E5_uni02E9_uni02E6
	uni02E5_uni02E9_uni02E7
	uni02E5_uni02E9_uni02E8
	uni02E5_uni02E9_uni02E9
	uni02E6_uni02E5
	uni02E6_uni02E5_uni02E5
	uni02E6_uni02E5_uni02E6
	uni02E6_uni02E5_uni02E7
	uni02E6_uni02E5_uni02E8
	uni02E6_uni02E5_uni02E9
	uni02E6_uni02E6_uni02E5
	uni02E6_uni02E6_uni02E7
	uni02E6_uni02E6_uni02E8
	uni02E6_uni02E6_uni02E9
	uni02E6_uni02E7
	uni02E6_uni02E7_uni02E5
	uni02E6_uni02E7_uni02E6
	uni02E6_uni02E7_uni02E7
	uni02E6_uni02E7_uni02E8
	uni02E6_uni02E7_uni02E9
	uni02E6_uni02E8
	uni02E6_uni02E8_uni02E5
	uni02E6_uni02E8_uni02E6
	uni02E6_uni02E8_uni02E7
	uni02E6_uni02E8_uni02E8
	uni02E6_uni02E8_uni02E9
	uni02E6_uni02E9
	uni02E6_uni02E9_uni02E5
	uni02E6_uni02E9_uni02E6
	uni02E6_uni02E9_uni02E7
	uni02E6_uni02E9_uni02E8
	uni02E6_uni02E9_uni02E9
	uni02E7_uni02E5
	uni02E7_uni02E5_uni02E5
	uni02E7_uni02E5_uni02E6
	uni02E7_uni02E5_uni02E7
	uni02E7_uni02E5_uni02E8
	uni02E7_uni02E5_uni02E9
	uni02E7_uni02E6
	uni02E7_uni02E6_uni02E5
	uni02E7_uni02E6_uni02E6
	uni02E7_uni02E6_uni02E7
	uni02E7_uni02E6_uni02E8
	uni02E7_uni02E6_uni02E9
	uni02E7_uni02E7_uni02E5
	uni02E7_uni02E7_uni02E6
	uni02E7_uni02E7_uni02E8
	uni02E7_uni02E7_uni02E9
	uni02E7_uni02E8
	uni02E7_uni02E8_uni02E5
	uni02E7_uni02E8_uni02E6
	uni02E7_uni02E8_uni02E7
	uni02E7_uni02E8_uni02E8
	uni02E7_uni02E8_uni02E9
	uni02E7_uni02E9
	uni02E7_uni02E9_uni02E5
	uni02E7_uni02E9_uni02E6
	uni02E7_uni02E9_uni02E7
	uni02E7_uni02E9_uni02E8
	uni02E7_uni02E9_uni02E9
	uni02E8_uni02E5
	uni02E8_uni02E5_uni02E5
	uni02E8_uni02E5_uni02E6
	uni02E8_uni02E5_uni02E7
	uni02E8_uni02E5_uni02E8
	uni02E8_uni02E5_uni02E9
	uni02E8_uni02E6
	uni02E8_uni02E6_uni02E5
	uni02E8_uni02E6_uni02E6
	uni02E8_uni02E6_uni02E7
	uni02E8_uni02E6_uni02E8
	uni02E8_uni02E6_uni02E9
	uni02E8_uni02E7
	uni02E8_uni02E7_uni02E5
	uni02E8_uni02E7_uni02E6
	uni02E8_uni02E7_uni02E7
	uni02E8_uni02E7_uni02E8
	uni02E8_uni02E7_uni02E9
	uni02E8_uni02E8_uni02E5
	uni02E8_uni02E8_uni02E6
	uni02E8_uni02E8_uni02E7
	uni02E8_uni02E8_uni02E9
	uni02E8_uni02E9
	uni02E8_uni02E9_uni02E5
	uni02E8_uni02E9_uni02E6
	uni02E8_uni02E9_uni02E7
	uni02E8_uni02E9_uni02E8
	uni02E8_uni02E9_uni02E9
	uni02E9_uni02E5
	uni02E9_uni02E5_uni02E5
	uni02E9_uni02E5_uni02E6
	uni02E9_uni02E5_uni02E7
	uni02E9_uni02E5_uni02E8
	uni02E9_uni02E5_uni02E9
	uni02E9_uni02E6
	uni02E9_uni02E6_uni02E5
	uni02E9_uni02E6_uni02E6
	uni02E9_uni02E6_uni02E7
	uni02E9_uni02E6_uni02E8
	uni02E9_uni02E6_uni02E9
	uni02E9_uni02E7
	uni02E9_uni02E7_uni02E5
	uni02E9_uni02E7_uni02E6
	uni02E9_uni02E7_uni02E7
	uni02E9_uni02E7_uni02E8
	uni02E9_uni02E7_uni02E9
	uni02E9_uni02E8
	uni02E9_uni02E8_uni02E5
	uni02E9_uni02E8_uni02E6
	uni02E9_uni02E8_uni02E7
	uni02E9_uni02E8_uni02E8
	uni02E9_uni02E8_uni02E9
	uni02E9_uni02E9_uni02E5
	uni02E9_uni02E9_uni02E6
	uni02E9_uni02E9_uni02E7
	uni02E9_uni02E9_uni02E8
	uni030C_uni1ABB
	uni1AB8_uni1ABD
	uni1AB9_uni1ABD
	uni1ABA_uni1ABD
2016-11-30 13:25:33,213 MutatorMath Writing Roboto-BlackItalic.ufo to ../../instance_ufo/Roboto-BlackItalic.ufo
2016-11-30 13:25:33,340 MutatorMath 	Multiple unicode values for glyph Omega: 937, 8486
2016-11-30 13:25:33,342 MutatorMath 	Multiple unicode values for glyph Delta: 916, 8710
2016-11-30 13:29:47,400 MutatorMath ../../instance_ufo/Roboto-BlackItalic.ufo:
Errors calculating 1 glyphs: 
	hornnosp
2016-11-30 13:29:47,401 MutatorMath ../../instance_ufo/Roboto-BlackItalic.ufo:
Possibly missing unicodes for 202 glyphs: 
	a_uni02DE
	acutedotcomb
	ascript_uni02DE
	ascriptturn_uni02DE
	aturn_uni02DE
	bbar_uni1ABE
	breveacutecomb
	brevegravecomb
	brevehookcomb
	breveinvsubnosp_uni1ABD
	brevetildecomb
	carondotcomb
	caronnosp
	caronsubnosp
	circumflexacutecomb
	circumflexgravecomb
	circumflexhookcomb
	circumflextildecomb
	commaaboverightcomb
	commaaccentrotate
	crossbar
	cyrillicbreve
	cyrillichook
	cyrillichookleft
	cyrillictic
	dasiaoxia
	dcroat_uni1ABE
	dieresisacutecomb
	dieresiscaroncomb
	dieresisgravecomb
	dieresismacroncomb
	dieresisnosp_uni1ABB
	dotbelow_uni1ABD
	dotdblsubnosp_uni1ABD
	dotmacroncomb
	eng_uni1ABE
	epsilon1revclosed_uni02DE
	gbar_uni1ABE
	iota1_uni02DE
	iotasubnosp_uni1ABD
	largerighthook
	linevertsubnosp_uni1ABD
	lmidtilde_uni1ABE
	macronacutecomb
	macroncomb_uni1ABB
	macrondieresiscomb
	macrongravecomb
	o_uni02DE
	oopen_uni02DE
	ringacute
	ringsubnosp_uni1ABD
	rrthook_uni1ABE
	tildeacutecomb
	tildecomb_uni1ABB
	tildecomb_uni1ABC
	tildedieresiscomb
	tildemacroncomb
	tildesubnosp_uni1ABD
	uni02E5_uni02E5_uni02E6
	uni02E5_uni02E5_uni02E7
	uni02E5_uni02E5_uni02E8
	uni02E5_uni02E5_uni02E9
	uni02E5_uni02E6
	uni02E5_uni02E6_uni02E5
	uni02E5_uni02E6_uni02E6
	uni02E5_uni02E6_uni02E7
	uni02E5_uni02E6_uni02E8
	uni02E5_uni02E6_uni02E9
	uni02E5_uni02E7
	uni02E5_uni02E7_uni02E5
	uni02E5_uni02E7_uni02E6
	uni02E5_uni02E7_uni02E7
	uni02E5_uni02E7_uni02E8
	uni02E5_uni02E7_uni02E9
	uni02E5_uni02E8
	uni02E5_uni02E8_uni02E5
	uni02E5_uni02E8_uni02E6
	uni02E5_uni02E8_uni02E7
	uni02E5_uni02E8_uni02E8
	uni02E5_uni02E8_uni02E9
	uni02E5_uni02E9
	uni02E5_uni02E9_uni02E5
	uni02E5_uni02E9_uni02E6
	uni02E5_uni02E9_uni02E7
	uni02E5_uni02E9_uni02E8
	uni02E5_uni02E9_uni02E9
	uni02E6_uni02E5
	uni02E6_uni02E5_uni02E5
	uni02E6_uni02E5_uni02E6
	uni02E6_uni02E5_uni02E7
	uni02E6_uni02E5_uni02E8
	uni02E6_uni02E5_uni02E9
	uni02E6_uni02E6_uni02E5
	uni02E6_uni02E6_uni02E7
	uni02E6_uni02E6_uni02E8
	uni02E6_uni02E6_uni02E9
	uni02E6_uni02E7
	uni02E6_uni02E7_uni02E5
	uni02E6_uni02E7_uni02E6
	uni02E6_uni02E7_uni02E7
	uni02E6_uni02E7_uni02E8
	uni02E6_uni02E7_uni02E9
	uni02E6_uni02E8
	uni02E6_uni02E8_uni02E5
	uni02E6_uni02E8_uni02E6
	uni02E6_uni02E8_uni02E7
	uni02E6_uni02E8_uni02E8
	uni02E6_uni02E8_uni02E9
	uni02E6_uni02E9
	uni02E6_uni02E9_uni02E5
	uni02E6_uni02E9_uni02E6
	uni02E6_uni02E9_uni02E7
	uni02E6_uni02E9_uni02E8
	uni02E6_uni02E9_uni02E9
	uni02E7_uni02E5
	uni02E7_uni02E5_uni02E5
	uni02E7_uni02E5_uni02E6
	uni02E7_uni02E5_uni02E7
	uni02E7_uni02E5_uni02E8
	uni02E7_uni02E5_uni02E9
	uni02E7_uni02E6
	uni02E7_uni02E6_uni02E5
	uni02E7_uni02E6_uni02E6
	uni02E7_uni02E6_uni02E7
	uni02E7_uni02E6_uni02E8
	uni02E7_uni02E6_uni02E9
	uni02E7_uni02E7_uni02E5
	uni02E7_uni02E7_uni02E6
	uni02E7_uni02E7_uni02E8
	uni02E7_uni02E7_uni02E9
	uni02E7_uni02E8
	uni02E7_uni02E8_uni02E5
	uni02E7_uni02E8_uni02E6
	uni02E7_uni02E8_uni02E7
	uni02E7_uni02E8_uni02E8
	uni02E7_uni02E8_uni02E9
	uni02E7_uni02E9
	uni02E7_uni02E9_uni02E5
	uni02E7_uni02E9_uni02E6
	uni02E7_uni02E9_uni02E7
	uni02E7_uni02E9_uni02E8
	uni02E7_uni02E9_uni02E9
	uni02E8_uni02E5
	uni02E8_uni02E5_uni02E5
	uni02E8_uni02E5_uni02E6
	uni02E8_uni02E5_uni02E7
	uni02E8_uni02E5_uni02E8
	uni02E8_uni02E5_uni02E9
	uni02E8_uni02E6
	uni02E8_uni02E6_uni02E5
	uni02E8_uni02E6_uni02E6
	uni02E8_uni02E6_uni02E7
	uni02E8_uni02E6_uni02E8
	uni02E8_uni02E6_uni02E9
	uni02E8_uni02E7
	uni02E8_uni02E7_uni02E5
	uni02E8_uni02E7_uni02E6
	uni02E8_uni02E7_uni02E7
	uni02E8_uni02E7_uni02E8
	uni02E8_uni02E7_uni02E9
	uni02E8_uni02E8_uni02E5
	uni02E8_uni02E8_uni02E6
	uni02E8_uni02E8_uni02E7
	uni02E8_uni02E8_uni02E9
	uni02E8_uni02E9
	uni02E8_uni02E9_uni02E5
	uni02E8_uni02E9_uni02E6
	uni02E8_uni02E9_uni02E7
	uni02E8_uni02E9_uni02E8
	uni02E8_uni02E9_uni02E9
	uni02E9_uni02E5
	uni02E9_uni02E5_uni02E5
	uni02E9_uni02E5_uni02E6
	uni02E9_uni02E5_uni02E7
	uni02E9_uni02E5_uni02E8
	uni02E9_uni02E5_uni02E9
	uni02E9_uni02E6
	uni02E9_uni02E6_uni02E5
	uni02E9_uni02E6_uni02E6
	uni02E9_uni02E6_uni02E7
	uni02E9_uni02E6_uni02E8
	uni02E9_uni02E6_uni02E9
	uni02E9_uni02E7
	uni02E9_uni02E7_uni02E5
	uni02E9_uni02E7_uni02E6
	uni02E9_uni02E7_uni02E7
	uni02E9_uni02E7_uni02E8
	uni02E9_uni02E7_uni02E9
	uni02E9_uni02E8
	uni02E9_uni02E8_uni02E5
	uni02E9_uni02E8_uni02E6
	uni02E9_uni02E8_uni02E7
	uni02E9_uni02E8_uni02E8
	uni02E9_uni02E8_uni02E9
	uni02E9_uni02E9_uni02E5
	uni02E9_uni02E9_uni02E6
	uni02E9_uni02E9_uni02E7
	uni02E9_uni02E9_uni02E8
	uni030C_uni1ABB
	uni1AB8_uni1ABD
	uni1AB9_uni1ABD
	uni1ABA_uni1ABD
2016-11-30 13:29:49,014 MutatorMath Writing RobotoCondensed-Light.ufo to ../../instance_ufo/RobotoCondensed-Light.ufo
2016-11-30 13:29:49,142 MutatorMath 	Multiple unicode values for glyph Omega: 937, 8486
2016-11-30 13:29:49,144 MutatorMath 	Multiple unicode values for glyph Delta: 916, 8710
2016-11-30 13:33:52,975 MutatorMath ../../instance_ufo/RobotoCondensed-Light.ufo:
Errors calculating 1 glyphs: 
	hornnosp
2016-11-30 13:33:52,975 MutatorMath ../../instance_ufo/RobotoCondensed-Light.ufo:
Possibly missing unicodes for 202 glyphs: 
	a_uni02DE
	acutedotcomb
	ascript_uni02DE
	ascriptturn_uni02DE
	aturn_uni02DE
	bbar_uni1ABE
	breveacutecomb
	brevegravecomb
	brevehookcomb
	breveinvsubnosp_uni1ABD
	brevetildecomb
	carondotcomb
	caronnosp
	caronsubnosp
	circumflexacutecomb
	circumflexgravecomb
	circumflexhookcomb
	circumflextildecomb
	commaaboverightcomb
	commaaccentrotate
	crossbar
	cyrillicbreve
	cyrillichook
	cyrillichookleft
	cyrillictic
	dasiaoxia
	dcroat_uni1ABE
	dieresisacutecomb
	dieresiscaroncomb
	dieresisgravecomb
	dieresismacroncomb
	dieresisnosp_uni1ABB
	dotbelow_uni1ABD
	dotdblsubnosp_uni1ABD
	dotmacroncomb
	eng_uni1ABE
	epsilon1revclosed_uni02DE
	gbar_uni1ABE
	iota1_uni02DE
	iotasubnosp_uni1ABD
	largerighthook
	linevertsubnosp_uni1ABD
	lmidtilde_uni1ABE
	macronacutecomb
	macroncomb_uni1ABB
	macrondieresiscomb
	macrongravecomb
	o_uni02DE
	oopen_uni02DE
	ringacute
	ringsubnosp_uni1ABD
	rrthook_uni1ABE
	tildeacutecomb
	tildecomb_uni1ABB
	tildecomb_uni1ABC
	tildedieresiscomb
	tildemacroncomb
	tildesubnosp_uni1ABD
	uni02E5_uni02E5_uni02E6
	uni02E5_uni02E5_uni02E7
	uni02E5_uni02E5_uni02E8
	uni02E5_uni02E5_uni02E9
	uni02E5_uni02E6
	uni02E5_uni02E6_uni02E5
	uni02E5_uni02E6_uni02E6
	uni02E5_uni02E6_uni02E7
	uni02E5_uni02E6_uni02E8
	uni02E5_uni02E6_uni02E9
	uni02E5_uni02E7
	uni02E5_uni02E7_uni02E5
	uni02E5_uni02E7_uni02E6
	uni02E5_uni02E7_uni02E7
	uni02E5_uni02E7_uni02E8
	uni02E5_uni02E7_uni02E9
	uni02E5_uni02E8
	uni02E5_uni02E8_uni02E5
	uni02E5_uni02E8_uni02E6
	uni02E5_uni02E8_uni02E7
	uni02E5_uni02E8_uni02E8
	uni02E5_uni02E8_uni02E9
	uni02E5_uni02E9
	uni02E5_uni02E9_uni02E5
	uni02E5_uni02E9_uni02E6
	uni02E5_uni02E9_uni02E7
	uni02E5_uni02E9_uni02E8
	uni02E5_uni02E9_uni02E9
	uni02E6_uni02E5
	uni02E6_uni02E5_uni02E5
	uni02E6_uni02E5_uni02E6
	uni02E6_uni02E5_uni02E7
	uni02E6_uni02E5_uni02E8
	uni02E6_uni02E5_uni02E9
	uni02E6_uni02E6_uni02E5
	uni02E6_uni02E6_uni02E7
	uni02E6_uni02E6_uni02E8
	uni02E6_uni02E6_uni02E9
	uni02E6_uni02E7
	uni02E6_uni02E7_uni02E5
	uni02E6_uni02E7_uni02E6
	uni02E6_uni02E7_uni02E7
	uni02E6_uni02E7_uni02E8
	uni02E6_uni02E7_uni02E9
	uni02E6_uni02E8
	uni02E6_uni02E8_uni02E5
	uni02E6_uni02E8_uni02E6
	uni02E6_uni02E8_uni02E7
	uni02E6_uni02E8_uni02E8
	uni02E6_uni02E8_uni02E9
	uni02E6_uni02E9
	uni02E6_uni02E9_uni02E5
	uni02E6_uni02E9_uni02E6
	uni02E6_uni02E9_uni02E7
	uni02E6_uni02E9_uni02E8
	uni02E6_uni02E9_uni02E9
	uni02E7_uni02E5
	uni02E7_uni02E5_uni02E5
	uni02E7_uni02E5_uni02E6
	uni02E7_uni02E5_uni02E7
	uni02E7_uni02E5_uni02E8
	uni02E7_uni02E5_uni02E9
	uni02E7_uni02E6
	uni02E7_uni02E6_uni02E5
	uni02E7_uni02E6_uni02E6
	uni02E7_uni02E6_uni02E7
	uni02E7_uni02E6_uni02E8
	uni02E7_uni02E6_uni02E9
	uni02E7_uni02E7_uni02E5
	uni02E7_uni02E7_uni02E6
	uni02E7_uni02E7_uni02E8
	uni02E7_uni02E7_uni02E9
	uni02E7_uni02E8
	uni02E7_uni02E8_uni02E5
	uni02E7_uni02E8_uni02E6
	uni02E7_uni02E8_uni02E7
	uni02E7_uni02E8_uni02E8
	uni02E7_uni02E8_uni02E9
	uni02E7_uni02E9
	uni02E7_uni02E9_uni02E5
	uni02E7_uni02E9_uni02E6
	uni02E7_uni02E9_uni02E7
	uni02E7_uni02E9_uni02E8
	uni02E7_uni02E9_uni02E9
	uni02E8_uni02E5
	uni02E8_uni02E5_uni02E5
	uni02E8_uni02E5_uni02E6
	uni02E8_uni02E5_uni02E7
	uni02E8_uni02E5_uni02E8
	uni02E8_uni02E5_uni02E9
	uni02E8_uni02E6
	uni02E8_uni02E6_uni02E5
	uni02E8_uni02E6_uni02E6
	uni02E8_uni02E6_uni02E7
	uni02E8_uni02E6_uni02E8
	uni02E8_uni02E6_uni02E9
	uni02E8_uni02E7
	uni02E8_uni02E7_uni02E5
	uni02E8_uni02E7_uni02E6
	uni02E8_uni02E7_uni02E7
	uni02E8_uni02E7_uni02E8
	uni02E8_uni02E7_uni02E9
	uni02E8_uni02E8_uni02E5
	uni02E8_uni02E8_uni02E6
	uni02E8_uni02E8_uni02E7
	uni02E8_uni02E8_uni02E9
	uni02E8_uni02E9
	uni02E8_uni02E9_uni02E5
	uni02E8_uni02E9_uni02E6
	uni02E8_uni02E9_uni02E7
	uni02E8_uni02E9_uni02E8
	uni02E8_uni02E9_uni02E9
	uni02E9_uni02E5
	uni02E9_uni02E5_uni02E5
	uni02E9_uni02E5_uni02E6
	uni02E9_uni02E5_uni02E7
	uni02E9_uni02E5_uni02E8
	uni02E9_uni02E5_uni02E9
	uni02E9_uni02E6
	uni02E9_uni02E6_uni02E5
	uni02E9_uni02E6_uni02E6
	uni02E9_uni02E6_uni02E7
	uni02E9_uni02E6_uni02E8
	uni02E9_uni02E6_uni02E9
	uni02E9_uni02E7
	uni02E9_uni02E7_uni02E5
	uni02E9_uni02E7_uni02E6
	uni02E9_uni02E7_uni02E7
	uni02E9_uni02E7_uni02E8
	uni02E9_uni02E7_uni02E9
	uni02E9_uni02E8
	uni02E9_uni02E8_uni02E5
	uni02E9_uni02E8_uni02E6
	uni02E9_uni02E8_uni02E7
	uni02E9_uni02E8_uni02E8
	uni02E9_uni02E8_uni02E9
	uni02E9_uni02E9_uni02E5
	uni02E9_uni02E9_uni02E6
	uni02E9_uni02E9_uni02E7
	uni02E9_uni02E9_uni02E8
	uni030C_uni1ABB
	uni1AB8_uni1ABD
	uni1AB9_uni1ABD
	uni1ABA_uni1ABD
2016-11-30 13:33:54,680 MutatorMath Writing RobotoCondensed-Regular.ufo to ../../instance_ufo/RobotoCondensed-Regular.ufo
2016-11-30 13:33:54,824 MutatorMath 	Multiple unicode values for glyph Omega: 937, 8486
2016-11-30 13:33:54,825 MutatorMath 	Multiple unicode values for glyph Delta: 916, 8710
2016-11-30 13:38:04,299 MutatorMath ../../instance_ufo/RobotoCondensed-Regular.ufo:
Errors calculating 1 glyphs: 
	hornnosp
2016-11-30 13:38:04,299 MutatorMath ../../instance_ufo/RobotoCondensed-Regular.ufo:
Possibly missing unicodes for 202 glyphs: 
	a_uni02DE
	acutedotcomb
	ascript_uni02DE
	ascriptturn_uni02DE
	aturn_uni02DE
	bbar_uni1ABE
	breveacutecomb
	brevegravecomb
	brevehookcomb
	breveinvsubnosp_uni1ABD
	brevetildecomb
	carondotcomb
	caronnosp
	caronsubnosp
	circumflexacutecomb
	circumflexgravecomb
	circumflexhookcomb
	circumflextildecomb
	commaaboverightcomb
	commaaccentrotate
	crossbar
	cyrillicbreve
	cyrillichook
	cyrillichookleft
	cyrillictic
	dasiaoxia
	dcroat_uni1ABE
	dieresisacutecomb
	dieresiscaroncomb
	dieresisgravecomb
	dieresismacroncomb
	dieresisnosp_uni1ABB
	dotbelow_uni1ABD
	dotdblsubnosp_uni1ABD
	dotmacroncomb
	eng_uni1ABE
	epsilon1revclosed_uni02DE
	gbar_uni1ABE
	iota1_uni02DE
	iotasubnosp_uni1ABD
	largerighthook
	linevertsubnosp_uni1ABD
	lmidtilde_uni1ABE
	macronacutecomb
	macroncomb_uni1ABB
	macrondieresiscomb
	macrongravecomb
	o_uni02DE
	oopen_uni02DE
	ringacute
	ringsubnosp_uni1ABD
	rrthook_uni1ABE
	tildeacutecomb
	tildecomb_uni1ABB
	tildecomb_uni1ABC
	tildedieresiscomb
	tildemacroncomb
	tildesubnosp_uni1ABD
	uni02E5_uni02E5_uni02E6
	uni02E5_uni02E5_uni02E7
	uni02E5_uni02E5_uni02E8
	uni02E5_uni02E5_uni02E9
	uni02E5_uni02E6
	uni02E5_uni02E6_uni02E5
	uni02E5_uni02E6_uni02E6
	uni02E5_uni02E6_uni02E7
	uni02E5_uni02E6_uni02E8
	uni02E5_uni02E6_uni02E9
	uni02E5_uni02E7
	uni02E5_uni02E7_uni02E5
	uni02E5_uni02E7_uni02E6
	uni02E5_uni02E7_uni02E7
	uni02E5_uni02E7_uni02E8
	uni02E5_uni02E7_uni02E9
	uni02E5_uni02E8
	uni02E5_uni02E8_uni02E5
	uni02E5_uni02E8_uni02E6
	uni02E5_uni02E8_uni02E7
	uni02E5_uni02E8_uni02E8
	uni02E5_uni02E8_uni02E9
	uni02E5_uni02E9
	uni02E5_uni02E9_uni02E5
	uni02E5_uni02E9_uni02E6
	uni02E5_uni02E9_uni02E7
	uni02E5_uni02E9_uni02E8
	uni02E5_uni02E9_uni02E9
	uni02E6_uni02E5
	uni02E6_uni02E5_uni02E5
	uni02E6_uni02E5_uni02E6
	uni02E6_uni02E5_uni02E7
	uni02E6_uni02E5_uni02E8
	uni02E6_uni02E5_uni02E9
	uni02E6_uni02E6_uni02E5
	uni02E6_uni02E6_uni02E7
	uni02E6_uni02E6_uni02E8
	uni02E6_uni02E6_uni02E9
	uni02E6_uni02E7
	uni02E6_uni02E7_uni02E5
	uni02E6_uni02E7_uni02E6
	uni02E6_uni02E7_uni02E7
	uni02E6_uni02E7_uni02E8
	uni02E6_uni02E7_uni02E9
	uni02E6_uni02E8
	uni02E6_uni02E8_uni02E5
	uni02E6_uni02E8_uni02E6
	uni02E6_uni02E8_uni02E7
	uni02E6_uni02E8_uni02E8
	uni02E6_uni02E8_uni02E9
	uni02E6_uni02E9
	uni02E6_uni02E9_uni02E5
	uni02E6_uni02E9_uni02E6
	uni02E6_uni02E9_uni02E7
	uni02E6_uni02E9_uni02E8
	uni02E6_uni02E9_uni02E9
	uni02E7_uni02E5
	uni02E7_uni02E5_uni02E5
	uni02E7_uni02E5_uni02E6
	uni02E7_uni02E5_uni02E7
	uni02E7_uni02E5_uni02E8
	uni02E7_uni02E5_uni02E9
	uni02E7_uni02E6
	uni02E7_uni02E6_uni02E5
	uni02E7_uni02E6_uni02E6
	uni02E7_uni02E6_uni02E7
	uni02E7_uni02E6_uni02E8
	uni02E7_uni02E6_uni02E9
	uni02E7_uni02E7_uni02E5
	uni02E7_uni02E7_uni02E6
	uni02E7_uni02E7_uni02E8
	uni02E7_uni02E7_uni02E9
	uni02E7_uni02E8
	uni02E7_uni02E8_uni02E5
	uni02E7_uni02E8_uni02E6
	uni02E7_uni02E8_uni02E7
	uni02E7_uni02E8_uni02E8
	uni02E7_uni02E8_uni02E9
	uni02E7_uni02E9
	uni02E7_uni02E9_uni02E5
	uni02E7_uni02E9_uni02E6
	uni02E7_uni02E9_uni02E7
	uni02E7_uni02E9_uni02E8
	uni02E7_uni02E9_uni02E9
	uni02E8_uni02E5
	uni02E8_uni02E5_uni02E5
	uni02E8_uni02E5_uni02E6
	uni02E8_uni02E5_uni02E7
	uni02E8_uni02E5_uni02E8
	uni02E8_uni02E5_uni02E9
	uni02E8_uni02E6
	uni02E8_uni02E6_uni02E5
	uni02E8_uni02E6_uni02E6
	uni02E8_uni02E6_uni02E7
	uni02E8_uni02E6_uni02E8
	uni02E8_uni02E6_uni02E9
	uni02E8_uni02E7
	uni02E8_uni02E7_uni02E5
	uni02E8_uni02E7_uni02E6
	uni02E8_uni02E7_uni02E7
	uni02E8_uni02E7_uni02E8
	uni02E8_uni02E7_uni02E9
	uni02E8_uni02E8_uni02E5
	uni02E8_uni02E8_uni02E6
	uni02E8_uni02E8_uni02E7
	uni02E8_uni02E8_uni02E9
	uni02E8_uni02E9
	uni02E8_uni02E9_uni02E5
	uni02E8_uni02E9_uni02E6
	uni02E8_uni02E9_uni02E7
	uni02E8_uni02E9_uni02E8
	uni02E8_uni02E9_uni02E9
	uni02E9_uni02E5
	uni02E9_uni02E5_uni02E5
	uni02E9_uni02E5_uni02E6
	uni02E9_uni02E5_uni02E7
	uni02E9_uni02E5_uni02E8
	uni02E9_uni02E5_uni02E9
	uni02E9_uni02E6
	uni02E9_uni02E6_uni02E5
	uni02E9_uni02E6_uni02E6
	uni02E9_uni02E6_uni02E7
	uni02E9_uni02E6_uni02E8
	uni02E9_uni02E6_uni02E9
	uni02E9_uni02E7
	uni02E9_uni02E7_uni02E5
	uni02E9_uni02E7_uni02E6
	uni02E9_uni02E7_uni02E7
	uni02E9_uni02E7_uni02E8
	uni02E9_uni02E7_uni02E9
	uni02E9_uni02E8
	uni02E9_uni02E8_uni02E5
	uni02E9_uni02E8_uni02E6
	uni02E9_uni02E8_uni02E7
	uni02E9_uni02E8_uni02E8
	uni02E9_uni02E8_uni02E9
	uni02E9_uni02E9_uni02E5
	uni02E9_uni02E9_uni02E6
	uni02E9_uni02E9_uni02E7
	uni02E9_uni02E9_uni02E8
	uni030C_uni1ABB
	uni1AB8_uni1ABD
	uni1AB9_uni1ABD
	uni1ABA_uni1ABD
2016-11-30 13:38:05,908 MutatorMath Writing RobotoCondensed-Bold.ufo to ../../instance_ufo/RobotoCondensed-Bold.ufo
2016-11-30 13:38:06,042 MutatorMath 	Multiple unicode values for glyph Omega: 937, 8486
2016-11-30 13:38:06,044 MutatorMath 	Multiple unicode values for glyph Delta: 916, 8710
2016-11-30 13:42:47,201 MutatorMath ../../instance_ufo/RobotoCondensed-Bold.ufo:
Errors calculating 1 glyphs: 
	hornnosp
2016-11-30 13:42:47,201 MutatorMath ../../instance_ufo/RobotoCondensed-Bold.ufo:
Possibly missing unicodes for 202 glyphs: 
	a_uni02DE
	acutedotcomb
	ascript_uni02DE
	ascriptturn_uni02DE
	aturn_uni02DE
	bbar_uni1ABE
	breveacutecomb
	brevegravecomb
	brevehookcomb
	breveinvsubnosp_uni1ABD
	brevetildecomb
	carondotcomb
	caronnosp
	caronsubnosp
	circumflexacutecomb
	circumflexgravecomb
	circumflexhookcomb
	circumflextildecomb
	commaaboverightcomb
	commaaccentrotate
	crossbar
	cyrillicbreve
	cyrillichook
	cyrillichookleft
	cyrillictic
	dasiaoxia
	dcroat_uni1ABE
	dieresisacutecomb
	dieresiscaroncomb
	dieresisgravecomb
	dieresismacroncomb
	dieresisnosp_uni1ABB
	dotbelow_uni1ABD
	dotdblsubnosp_uni1ABD
	dotmacroncomb
	eng_uni1ABE
	epsilon1revclosed_uni02DE
	gbar_uni1ABE
	iota1_uni02DE
	iotasubnosp_uni1ABD
	largerighthook
	linevertsubnosp_uni1ABD
	lmidtilde_uni1ABE
	macronacutecomb
	macroncomb_uni1ABB
	macrondieresiscomb
	macrongravecomb
	o_uni02DE
	oopen_uni02DE
	ringacute
	ringsubnosp_uni1ABD
	rrthook_uni1ABE
	tildeacutecomb
	tildecomb_uni1ABB
	tildecomb_uni1ABC
	tildedieresiscomb
	tildemacroncomb
	tildesubnosp_uni1ABD
	uni02E5_uni02E5_uni02E6
	uni02E5_uni02E5_uni02E7
	uni02E5_uni02E5_uni02E8
	uni02E5_uni02E5_uni02E9
	uni02E5_uni02E6
	uni02E5_uni02E6_uni02E5
	uni02E5_uni02E6_uni02E6
	uni02E5_uni02E6_uni02E7
	uni02E5_uni02E6_uni02E8
	uni02E5_uni02E6_uni02E9
	uni02E5_uni02E7
	uni02E5_uni02E7_uni02E5
	uni02E5_uni02E7_uni02E6
	uni02E5_uni02E7_uni02E7
	uni02E5_uni02E7_uni02E8
	uni02E5_uni02E7_uni02E9
	uni02E5_uni02E8
	uni02E5_uni02E8_uni02E5
	uni02E5_uni02E8_uni02E6
	uni02E5_uni02E8_uni02E7
	uni02E5_uni02E8_uni02E8
	uni02E5_uni02E8_uni02E9
	uni02E5_uni02E9
	uni02E5_uni02E9_uni02E5
	uni02E5_uni02E9_uni02E6
	uni02E5_uni02E9_uni02E7
	uni02E5_uni02E9_uni02E8
	uni02E5_uni02E9_uni02E9
	uni02E6_uni02E5
	uni02E6_uni02E5_uni02E5
	uni02E6_uni02E5_uni02E6
	uni02E6_uni02E5_uni02E7
	uni02E6_uni02E5_uni02E8
	uni02E6_uni02E5_uni02E9
	uni02E6_uni02E6_uni02E5
	uni02E6_uni02E6_uni02E7
	uni02E6_uni02E6_uni02E8
	uni02E6_uni02E6_uni02E9
	uni02E6_uni02E7
	uni02E6_uni02E7_uni02E5
	uni02E6_uni02E7_uni02E6
	uni02E6_uni02E7_uni02E7
	uni02E6_uni02E7_uni02E8
	uni02E6_uni02E7_uni02E9
	uni02E6_uni02E8
	uni02E6_uni02E8_uni02E5
	uni02E6_uni02E8_uni02E6
	uni02E6_uni02E8_uni02E7
	uni02E6_uni02E8_uni02E8
	uni02E6_uni02E8_uni02E9
	uni02E6_uni02E9
	uni02E6_uni02E9_uni02E5
	uni02E6_uni02E9_uni02E6
	uni02E6_uni02E9_uni02E7
	uni02E6_uni02E9_uni02E8
	uni02E6_uni02E9_uni02E9
	uni02E7_uni02E5
	uni02E7_uni02E5_uni02E5
	uni02E7_uni02E5_uni02E6
	uni02E7_uni02E5_uni02E7
	uni02E7_uni02E5_uni02E8
	uni02E7_uni02E5_uni02E9
	uni02E7_uni02E6
	uni02E7_uni02E6_uni02E5
	uni02E7_uni02E6_uni02E6
	uni02E7_uni02E6_uni02E7
	uni02E7_uni02E6_uni02E8
	uni02E7_uni02E6_uni02E9
	uni02E7_uni02E7_uni02E5
	uni02E7_uni02E7_uni02E6
	uni02E7_uni02E7_uni02E8
	uni02E7_uni02E7_uni02E9
	uni02E7_uni02E8
	uni02E7_uni02E8_uni02E5
	uni02E7_uni02E8_uni02E6
	uni02E7_uni02E8_uni02E7
	uni02E7_uni02E8_uni02E8
	uni02E7_uni02E8_uni02E9
	uni02E7_uni02E9
	uni02E7_uni02E9_uni02E5
	uni02E7_uni02E9_uni02E6
	uni02E7_uni02E9_uni02E7
	uni02E7_uni02E9_uni02E8
	uni02E7_uni02E9_uni02E9
	uni02E8_uni02E5
	uni02E8_uni02E5_uni02E5
	uni02E8_uni02E5_uni02E6
	uni02E8_uni02E5_uni02E7
	uni02E8_uni02E5_uni02E8
	uni02E8_uni02E5_uni02E9
	uni02E8_uni02E6
	uni02E8_uni02E6_uni02E5
	uni02E8_uni02E6_uni02E6
	uni02E8_uni02E6_uni02E7
	uni02E8_uni02E6_uni02E8
	uni02E8_uni02E6_uni02E9
	uni02E8_uni02E7
	uni02E8_uni02E7_uni02E5
	uni02E8_uni02E7_uni02E6
	uni02E8_uni02E7_uni02E7
	uni02E8_uni02E7_uni02E8
	uni02E8_uni02E7_uni02E9
	uni02E8_uni02E8_uni02E5
	uni02E8_uni02E8_uni02E6
	uni02E8_uni02E8_uni02E7
	uni02E8_uni02E8_uni02E9
	uni02E8_uni02E9
	uni02E8_uni02E9_uni02E5
	uni02E8_uni02E9_uni02E6
	uni02E8_uni02E9_uni02E7
	uni02E8_uni02E9_uni02E8
	uni02E8_uni02E9_uni02E9
	uni02E9_uni02E5
	uni02E9_uni02E5_uni02E5
	uni02E9_uni02E5_uni02E6
	uni02E9_uni02E5_uni02E7
	uni02E9_uni02E5_uni02E8
	uni02E9_uni02E5_uni02E9
	uni02E9_uni02E6
	uni02E9_uni02E6_uni02E5
	uni02E9_uni02E6_uni02E6
	uni02E9_uni02E6_uni02E7
	uni02E9_uni02E6_uni02E8
	uni02E9_uni02E6_uni02E9
	uni02E9_uni02E7
	uni02E9_uni02E7_uni02E5
	uni02E9_uni02E7_uni02E6
	uni02E9_uni02E7_uni02E7
	uni02E9_uni02E7_uni02E8
	uni02E9_uni02E7_uni02E9
	uni02E9_uni02E8
	uni02E9_uni02E8_uni02E5
	uni02E9_uni02E8_uni02E6
	uni02E9_uni02E8_uni02E7
	uni02E9_uni02E8_uni02E8
	uni02E9_uni02E8_uni02E9
	uni02E9_uni02E9_uni02E5
	uni02E9_uni02E9_uni02E6
	uni02E9_uni02E9_uni02E7
	uni02E9_uni02E9_uni02E8
	uni030C_uni1ABB
	uni1AB8_uni1ABD
	uni1AB9_uni1ABD
	uni1ABA_uni1ABD
2016-11-30 13:42:48,799 MutatorMath Writing RobotoCondensed-LightItalic.ufo to ../../instance_ufo/RobotoCondensed-LightItalic.ufo
2016-11-30 13:42:48,919 MutatorMath 	Multiple unicode values for glyph Omega: 937, 8486
2016-11-30 13:42:48,920 MutatorMath 	Multiple unicode values for glyph Delta: 916, 8710
2016-11-30 13:46:57,741 MutatorMath ../../instance_ufo/RobotoCondensed-LightItalic.ufo:
Errors calculating 1 glyphs: 
	hornnosp
2016-11-30 13:46:57,741 MutatorMath ../../instance_ufo/RobotoCondensed-LightItalic.ufo:
Possibly missing unicodes for 202 glyphs: 
	a_uni02DE
	acutedotcomb
	ascript_uni02DE
	ascriptturn_uni02DE
	aturn_uni02DE
	bbar_uni1ABE
	breveacutecomb
	brevegravecomb
	brevehookcomb
	breveinvsubnosp_uni1ABD
	brevetildecomb
	carondotcomb
	caronnosp
	caronsubnosp
	circumflexacutecomb
	circumflexgravecomb
	circumflexhookcomb
	circumflextildecomb
	commaaboverightcomb
	commaaccentrotate
	crossbar
	cyrillicbreve
	cyrillichook
	cyrillichookleft
	cyrillictic
	dasiaoxia
	dcroat_uni1ABE
	dieresisacutecomb
	dieresiscaroncomb
	dieresisgravecomb
	dieresismacroncomb
	dieresisnosp_uni1ABB
	dotbelow_uni1ABD
	dotdblsubnosp_uni1ABD
	dotmacroncomb
	eng_uni1ABE
	epsilon1revclosed_uni02DE
	gbar_uni1ABE
	iota1_uni02DE
	iotasubnosp_uni1ABD
	largerighthook
	linevertsubnosp_uni1ABD
	lmidtilde_uni1ABE
	macronacutecomb
	macroncomb_uni1ABB
	macrondieresiscomb
	macrongravecomb
	o_uni02DE
	oopen_uni02DE
	ringacute
	ringsubnosp_uni1ABD
	rrthook_uni1ABE
	tildeacutecomb
	tildecomb_uni1ABB
	tildecomb_uni1ABC
	tildedieresiscomb
	tildemacroncomb
	tildesubnosp_uni1ABD
	uni02E5_uni02E5_uni02E6
	uni02E5_uni02E5_uni02E7
	uni02E5_uni02E5_uni02E8
	uni02E5_uni02E5_uni02E9
	uni02E5_uni02E6
	uni02E5_uni02E6_uni02E5
	uni02E5_uni02E6_uni02E6
	uni02E5_uni02E6_uni02E7
	uni02E5_uni02E6_uni02E8
	uni02E5_uni02E6_uni02E9
	uni02E5_uni02E7
	uni02E5_uni02E7_uni02E5
	uni02E5_uni02E7_uni02E6
	uni02E5_uni02E7_uni02E7
	uni02E5_uni02E7_uni02E8
	uni02E5_uni02E7_uni02E9
	uni02E5_uni02E8
	uni02E5_uni02E8_uni02E5
	uni02E5_uni02E8_uni02E6
	uni02E5_uni02E8_uni02E7
	uni02E5_uni02E8_uni02E8
	uni02E5_uni02E8_uni02E9
	uni02E5_uni02E9
	uni02E5_uni02E9_uni02E5
	uni02E5_uni02E9_uni02E6
	uni02E5_uni02E9_uni02E7
	uni02E5_uni02E9_uni02E8
	uni02E5_uni02E9_uni02E9
	uni02E6_uni02E5
	uni02E6_uni02E5_uni02E5
	uni02E6_uni02E5_uni02E6
	uni02E6_uni02E5_uni02E7
	uni02E6_uni02E5_uni02E8
	uni02E6_uni02E5_uni02E9
	uni02E6_uni02E6_uni02E5
	uni02E6_uni02E6_uni02E7
	uni02E6_uni02E6_uni02E8
	uni02E6_uni02E6_uni02E9
	uni02E6_uni02E7
	uni02E6_uni02E7_uni02E5
	uni02E6_uni02E7_uni02E6
	uni02E6_uni02E7_uni02E7
	uni02E6_uni02E7_uni02E8
	uni02E6_uni02E7_uni02E9
	uni02E6_uni02E8
	uni02E6_uni02E8_uni02E5
	uni02E6_uni02E8_uni02E6
	uni02E6_uni02E8_uni02E7
	uni02E6_uni02E8_uni02E8
	uni02E6_uni02E8_uni02E9
	uni02E6_uni02E9
	uni02E6_uni02E9_uni02E5
	uni02E6_uni02E9_uni02E6
	uni02E6_uni02E9_uni02E7
	uni02E6_uni02E9_uni02E8
	uni02E6_uni02E9_uni02E9
	uni02E7_uni02E5
	uni02E7_uni02E5_uni02E5
	uni02E7_uni02E5_uni02E6
	uni02E7_uni02E5_uni02E7
	uni02E7_uni02E5_uni02E8
	uni02E7_uni02E5_uni02E9
	uni02E7_uni02E6
	uni02E7_uni02E6_uni02E5
	uni02E7_uni02E6_uni02E6
	uni02E7_uni02E6_uni02E7
	uni02E7_uni02E6_uni02E8
	uni02E7_uni02E6_uni02E9
	uni02E7_uni02E7_uni02E5
	uni02E7_uni02E7_uni02E6
	uni02E7_uni02E7_uni02E8
	uni02E7_uni02E7_uni02E9
	uni02E7_uni02E8
	uni02E7_uni02E8_uni02E5
	uni02E7_uni02E8_uni02E6
	uni02E7_uni02E8_uni02E7
	uni02E7_uni02E8_uni02E8
	uni02E7_uni02E8_uni02E9
	uni02E7_uni02E9
	uni02E7_uni02E9_uni02E5
	uni02E7_uni02E9_uni02E6
	uni02E7_uni02E9_uni02E7
	uni02E7_uni02E9_uni02E8
	uni02E7_uni02E9_uni02E9
	uni02E8_uni02E5
	uni02E8_uni02E5_uni02E5
	uni02E8_uni02E5_uni02E6
	uni02E8_uni02E5_uni02E7
	uni02E8_uni02E5_uni02E8
	uni02E8_uni02E5_uni02E9
	uni02E8_uni02E6
	uni02E8_uni02E6_uni02E5
	uni02E8_uni02E6_uni02E6
	uni02E8_uni02E6_uni02E7
	uni02E8_uni02E6_uni02E8
	uni02E8_uni02E6_uni02E9
	uni02E8_uni02E7
	uni02E8_uni02E7_uni02E5
	uni02E8_uni02E7_uni02E6
	uni02E8_uni02E7_uni02E7
	uni02E8_uni02E7_uni02E8
	uni02E8_uni02E7_uni02E9
	uni02E8_uni02E8_uni02E5
	uni02E8_uni02E8_uni02E6
	uni02E8_uni02E8_uni02E7
	uni02E8_uni02E8_uni02E9
	uni02E8_uni02E9
	uni02E8_uni02E9_uni02E5
	uni02E8_uni02E9_uni02E6
	uni02E8_uni02E9_uni02E7
	uni02E8_uni02E9_uni02E8
	uni02E8_uni02E9_uni02E9
	uni02E9_uni02E5
	uni02E9_uni02E5_uni02E5
	uni02E9_uni02E5_uni02E6
	uni02E9_uni02E5_uni02E7
	uni02E9_uni02E5_uni02E8
	uni02E9_uni02E5_uni02E9
	uni02E9_uni02E6
	uni02E9_uni02E6_uni02E5
	uni02E9_uni02E6_uni02E6
	uni02E9_uni02E6_uni02E7
	uni02E9_uni02E6_uni02E8
	uni02E9_uni02E6_uni02E9
	uni02E9_uni02E7
	uni02E9_uni02E7_uni02E5
	uni02E9_uni02E7_uni02E6
	uni02E9_uni02E7_uni02E7
	uni02E9_uni02E7_uni02E8
	uni02E9_uni02E7_uni02E9
	uni02E9_uni02E8
	uni02E9_uni02E8_uni02E5
	uni02E9_uni02E8_uni02E6
	uni02E9_uni02E8_uni02E7
	uni02E9_uni02E8_uni02E8
	uni02E9_uni02E8_uni02E9
	uni02E9_uni02E9_uni02E5
	uni02E9_uni02E9_uni02E6
	uni02E9_uni02E9_uni02E7
	uni02E9_uni02E9_uni02E8
	uni030C_uni1ABB
	uni1AB8_uni1ABD
	uni1AB9_uni1ABD
	uni1ABA_uni1ABD
2016-11-30 13:46:59,397 MutatorMath Writing RobotoCondensed-Italic.ufo to ../../instance_ufo/RobotoCondensed-Italic.ufo
2016-11-30 13:46:59,530 MutatorMath 	Multiple unicode values for glyph Omega: 937, 8486
2016-11-30 13:46:59,532 MutatorMath 	Multiple unicode values for glyph Delta: 916, 8710
2016-11-30 13:51:00,429 MutatorMath ../../instance_ufo/RobotoCondensed-Italic.ufo:
Errors calculating 1 glyphs: 
	hornnosp
2016-11-30 13:51:00,430 MutatorMath ../../instance_ufo/RobotoCondensed-Italic.ufo:
Possibly missing unicodes for 202 glyphs: 
	a_uni02DE
	acutedotcomb
	ascript_uni02DE
	ascriptturn_uni02DE
	aturn_uni02DE
	bbar_uni1ABE
	breveacutecomb
	brevegravecomb
	brevehookcomb
	breveinvsubnosp_uni1ABD
	brevetildecomb
	carondotcomb
	caronnosp
	caronsubnosp
	circumflexacutecomb
	circumflexgravecomb
	circumflexhookcomb
	circumflextildecomb
	commaaboverightcomb
	commaaccentrotate
	crossbar
	cyrillicbreve
	cyrillichook
	cyrillichookleft
	cyrillictic
	dasiaoxia
	dcroat_uni1ABE
	dieresisacutecomb
	dieresiscaroncomb
	dieresisgravecomb
	dieresismacroncomb
	dieresisnosp_uni1ABB
	dotbelow_uni1ABD
	dotdblsubnosp_uni1ABD
	dotmacroncomb
	eng_uni1ABE
	epsilon1revclosed_uni02DE
	gbar_uni1ABE
	iota1_uni02DE
	iotasubnosp_uni1ABD
	largerighthook
	linevertsubnosp_uni1ABD
	lmidtilde_uni1ABE
	macronacutecomb
	macroncomb_uni1ABB
	macrondieresiscomb
	macrongravecomb
	o_uni02DE
	oopen_uni02DE
	ringacute
	ringsubnosp_uni1ABD
	rrthook_uni1ABE
	tildeacutecomb
	tildecomb_uni1ABB
	tildecomb_uni1ABC
	tildedieresiscomb
	tildemacroncomb
	tildesubnosp_uni1ABD
	uni02E5_uni02E5_uni02E6
	uni02E5_uni02E5_uni02E7
	uni02E5_uni02E5_uni02E8
	uni02E5_uni02E5_uni02E9
	uni02E5_uni02E6
	uni02E5_uni02E6_uni02E5
	uni02E5_uni02E6_uni02E6
	uni02E5_uni02E6_uni02E7
	uni02E5_uni02E6_uni02E8
	uni02E5_uni02E6_uni02E9
	uni02E5_uni02E7
	uni02E5_uni02E7_uni02E5
	uni02E5_uni02E7_uni02E6
	uni02E5_uni02E7_uni02E7
	uni02E5_uni02E7_uni02E8
	uni02E5_uni02E7_uni02E9
	uni02E5_uni02E8
	uni02E5_uni02E8_uni02E5
	uni02E5_uni02E8_uni02E6
	uni02E5_uni02E8_uni02E7
	uni02E5_uni02E8_uni02E8
	uni02E5_uni02E8_uni02E9
	uni02E5_uni02E9
	uni02E5_uni02E9_uni02E5
	uni02E5_uni02E9_uni02E6
	uni02E5_uni02E9_uni02E7
	uni02E5_uni02E9_uni02E8
	uni02E5_uni02E9_uni02E9
	uni02E6_uni02E5
	uni02E6_uni02E5_uni02E5
	uni02E6_uni02E5_uni02E6
	uni02E6_uni02E5_uni02E7
	uni02E6_uni02E5_uni02E8
	uni02E6_uni02E5_uni02E9
	uni02E6_uni02E6_uni02E5
	uni02E6_uni02E6_uni02E7
	uni02E6_uni02E6_uni02E8
	uni02E6_uni02E6_uni02E9
	uni02E6_uni02E7
	uni02E6_uni02E7_uni02E5
	uni02E6_uni02E7_uni02E6
	uni02E6_uni02E7_uni02E7
	uni02E6_uni02E7_uni02E8
	uni02E6_uni02E7_uni02E9
	uni02E6_uni02E8
	uni02E6_uni02E8_uni02E5
	uni02E6_uni02E8_uni02E6
	uni02E6_uni02E8_uni02E7
	uni02E6_uni02E8_uni02E8
	uni02E6_uni02E8_uni02E9
	uni02E6_uni02E9
	uni02E6_uni02E9_uni02E5
	uni02E6_uni02E9_uni02E6
	uni02E6_uni02E9_uni02E7
	uni02E6_uni02E9_uni02E8
	uni02E6_uni02E9_uni02E9
	uni02E7_uni02E5
	uni02E7_uni02E5_uni02E5
	uni02E7_uni02E5_uni02E6
	uni02E7_uni02E5_uni02E7
	uni02E7_uni02E5_uni02E8
	uni02E7_uni02E5_uni02E9
	uni02E7_uni02E6
	uni02E7_uni02E6_uni02E5
	uni02E7_uni02E6_uni02E6
	uni02E7_uni02E6_uni02E7
	uni02E7_uni02E6_uni02E8
	uni02E7_uni02E6_uni02E9
	uni02E7_uni02E7_uni02E5
	uni02E7_uni02E7_uni02E6
	uni02E7_uni02E7_uni02E8
	uni02E7_uni02E7_uni02E9
	uni02E7_uni02E8
	uni02E7_uni02E8_uni02E5
	uni02E7_uni02E8_uni02E6
	uni02E7_uni02E8_uni02E7
	uni02E7_uni02E8_uni02E8
	uni02E7_uni02E8_uni02E9
	uni02E7_uni02E9
	uni02E7_uni02E9_uni02E5
	uni02E7_uni02E9_uni02E6
	uni02E7_uni02E9_uni02E7
	uni02E7_uni02E9_uni02E8
	uni02E7_uni02E9_uni02E9
	uni02E8_uni02E5
	uni02E8_uni02E5_uni02E5
	uni02E8_uni02E5_uni02E6
	uni02E8_uni02E5_uni02E7
	uni02E8_uni02E5_uni02E8
	uni02E8_uni02E5_uni02E9
	uni02E8_uni02E6
	uni02E8_uni02E6_uni02E5
	uni02E8_uni02E6_uni02E6
	uni02E8_uni02E6_uni02E7
	uni02E8_uni02E6_uni02E8
	uni02E8_uni02E6_uni02E9
	uni02E8_uni02E7
	uni02E8_uni02E7_uni02E5
	uni02E8_uni02E7_uni02E6
	uni02E8_uni02E7_uni02E7
	uni02E8_uni02E7_uni02E8
	uni02E8_uni02E7_uni02E9
	uni02E8_uni02E8_uni02E5
	uni02E8_uni02E8_uni02E6
	uni02E8_uni02E8_uni02E7
	uni02E8_uni02E8_uni02E9
	uni02E8_uni02E9
	uni02E8_uni02E9_uni02E5
	uni02E8_uni02E9_uni02E6
	uni02E8_uni02E9_uni02E7
	uni02E8_uni02E9_uni02E8
	uni02E8_uni02E9_uni02E9
	uni02E9_uni02E5
	uni02E9_uni02E5_uni02E5
	uni02E9_uni02E5_uni02E6
	uni02E9_uni02E5_uni02E7
	uni02E9_uni02E5_uni02E8
	uni02E9_uni02E5_uni02E9
	uni02E9_uni02E6
	uni02E9_uni02E6_uni02E5
	uni02E9_uni02E6_uni02E6
	uni02E9_uni02E6_uni02E7
	uni02E9_uni02E6_uni02E8
	uni02E9_uni02E6_uni02E9
	uni02E9_uni02E7
	uni02E9_uni02E7_uni02E5
	uni02E9_uni02E7_uni02E6
	uni02E9_uni02E7_uni02E7
	uni02E9_uni02E7_uni02E8
	uni02E9_uni02E7_uni02E9
	uni02E9_uni02E8
	uni02E9_uni02E8_uni02E5
	uni02E9_uni02E8_uni02E6
	uni02E9_uni02E8_uni02E7
	uni02E9_uni02E8_uni02E8
	uni02E9_uni02E8_uni02E9
	uni02E9_uni02E9_uni02E5
	uni02E9_uni02E9_uni02E6
	uni02E9_uni02E9_uni02E7
	uni02E9_uni02E9_uni02E8
	uni030C_uni1ABB
	uni1AB8_uni1ABD
	uni1AB9_uni1ABD
	uni1ABA_uni1ABD
2016-11-30 13:51:01,994 MutatorMath Writing RobotoCondensed-BoldItalic.ufo to ../../instance_ufo/RobotoCondensed-BoldItalic.ufo
2016-11-30 13:51:02,138 MutatorMath 	Multiple unicode values for glyph Omega: 937, 8486
2016-11-30 13:51:02,139 MutatorMath 	Multiple unicode values for glyph Delta: 916, 8710
2016-11-30 13:55:21,915 MutatorMath ../../instance_ufo/RobotoCondensed-BoldItalic.ufo:
Errors calculating 1 glyphs: 
	hornnosp
2016-11-30 13:55:21,916 MutatorMath ../../instance_ufo/RobotoCondensed-BoldItalic.ufo:
Possibly missing unicodes for 202 glyphs: 
	a_uni02DE
	acutedotcomb
	ascript_uni02DE
	ascriptturn_uni02DE
	aturn_uni02DE
	bbar_uni1ABE
	breveacutecomb
	brevegravecomb
	brevehookcomb
	breveinvsubnosp_uni1ABD
	brevetildecomb
	carondotcomb
	caronnosp
	caronsubnosp
	circumflexacutecomb
	circumflexgravecomb
	circumflexhookcomb
	circumflextildecomb
	commaaboverightcomb
	commaaccentrotate
	crossbar
	cyrillicbreve
	cyrillichook
	cyrillichookleft
	cyrillictic
	dasiaoxia
	dcroat_uni1ABE
	dieresisacutecomb
	dieresiscaroncomb
	dieresisgravecomb
	dieresismacroncomb
	dieresisnosp_uni1ABB
	dotbelow_uni1ABD
	dotdblsubnosp_uni1ABD
	dotmacroncomb
	eng_uni1ABE
	epsilon1revclosed_uni02DE
	gbar_uni1ABE
	iota1_uni02DE
	iotasubnosp_uni1ABD
	largerighthook
	linevertsubnosp_uni1ABD
	lmidtilde_uni1ABE
	macronacutecomb
	macroncomb_uni1ABB
	macrondieresiscomb
	macrongravecomb
	o_uni02DE
	oopen_uni02DE
	ringacute
	ringsubnosp_uni1ABD
	rrthook_uni1ABE
	tildeacutecomb
	tildecomb_uni1ABB
	tildecomb_uni1ABC
	tildedieresiscomb
	tildemacroncomb
	tildesubnosp_uni1ABD
	uni02E5_uni02E5_uni02E6
	uni02E5_uni02E5_uni02E7
	uni02E5_uni02E5_uni02E8
	uni02E5_uni02E5_uni02E9
	uni02E5_uni02E6
	uni02E5_uni02E6_uni02E5
	uni02E5_uni02E6_uni02E6
	uni02E5_uni02E6_uni02E7
	uni02E5_uni02E6_uni02E8
	uni02E5_uni02E6_uni02E9
	uni02E5_uni02E7
	uni02E5_uni02E7_uni02E5
	uni02E5_uni02E7_uni02E6
	uni02E5_uni02E7_uni02E7
	uni02E5_uni02E7_uni02E8
	uni02E5_uni02E7_uni02E9
	uni02E5_uni02E8
	uni02E5_uni02E8_uni02E5
	uni02E5_uni02E8_uni02E6
	uni02E5_uni02E8_uni02E7
	uni02E5_uni02E8_uni02E8
	uni02E5_uni02E8_uni02E9
	uni02E5_uni02E9
	uni02E5_uni02E9_uni02E5
	uni02E5_uni02E9_uni02E6
	uni02E5_uni02E9_uni02E7
	uni02E5_uni02E9_uni02E8
	uni02E5_uni02E9_uni02E9
	uni02E6_uni02E5
	uni02E6_uni02E5_uni02E5
	uni02E6_uni02E5_uni02E6
	uni02E6_uni02E5_uni02E7
	uni02E6_uni02E5_uni02E8
	uni02E6_uni02E5_uni02E9
	uni02E6_uni02E6_uni02E5
	uni02E6_uni02E6_uni02E7
	uni02E6_uni02E6_uni02E8
	uni02E6_uni02E6_uni02E9
	uni02E6_uni02E7
	uni02E6_uni02E7_uni02E5
	uni02E6_uni02E7_uni02E6
	uni02E6_uni02E7_uni02E7
	uni02E6_uni02E7_uni02E8
	uni02E6_uni02E7_uni02E9
	uni02E6_uni02E8
	uni02E6_uni02E8_uni02E5
	uni02E6_uni02E8_uni02E6
	uni02E6_uni02E8_uni02E7
	uni02E6_uni02E8_uni02E8
	uni02E6_uni02E8_uni02E9
	uni02E6_uni02E9
	uni02E6_uni02E9_uni02E5
	uni02E6_uni02E9_uni02E6
	uni02E6_uni02E9_uni02E7
	uni02E6_uni02E9_uni02E8
	uni02E6_uni02E9_uni02E9
	uni02E7_uni02E5
	uni02E7_uni02E5_uni02E5
	uni02E7_uni02E5_uni02E6
	uni02E7_uni02E5_uni02E7
	uni02E7_uni02E5_uni02E8
	uni02E7_uni02E5_uni02E9
	uni02E7_uni02E6
	uni02E7_uni02E6_uni02E5
	uni02E7_uni02E6_uni02E6
	uni02E7_uni02E6_uni02E7
	uni02E7_uni02E6_uni02E8
	uni02E7_uni02E6_uni02E9
	uni02E7_uni02E7_uni02E5
	uni02E7_uni02E7_uni02E6
	uni02E7_uni02E7_uni02E8
	uni02E7_uni02E7_uni02E9
	uni02E7_uni02E8
	uni02E7_uni02E8_uni02E5
	uni02E7_uni02E8_uni02E6
	uni02E7_uni02E8_uni02E7
	uni02E7_uni02E8_uni02E8
	uni02E7_uni02E8_uni02E9
	uni02E7_uni02E9
	uni02E7_uni02E9_uni02E5
	uni02E7_uni02E9_uni02E6
	uni02E7_uni02E9_uni02E7
	uni02E7_uni02E9_uni02E8
	uni02E7_uni02E9_uni02E9
	uni02E8_uni02E5
	uni02E8_uni02E5_uni02E5
	uni02E8_uni02E5_uni02E6
	uni02E8_uni02E5_uni02E7
	uni02E8_uni02E5_uni02E8
	uni02E8_uni02E5_uni02E9
	uni02E8_uni02E6
	uni02E8_uni02E6_uni02E5
	uni02E8_uni02E6_uni02E6
	uni02E8_uni02E6_uni02E7
	uni02E8_uni02E6_uni02E8
	uni02E8_uni02E6_uni02E9
	uni02E8_uni02E7
	uni02E8_uni02E7_uni02E5
	uni02E8_uni02E7_uni02E6
	uni02E8_uni02E7_uni02E7
	uni02E8_uni02E7_uni02E8
	uni02E8_uni02E7_uni02E9
	uni02E8_uni02E8_uni02E5
	uni02E8_uni02E8_uni02E6
	uni02E8_uni02E8_uni02E7
	uni02E8_uni02E8_uni02E9
	uni02E8_uni02E9
	uni02E8_uni02E9_uni02E5
	uni02E8_uni02E9_uni02E6
	uni02E8_uni02E9_uni02E7
	uni02E8_uni02E9_uni02E8
	uni02E8_uni02E9_uni02E9
	uni02E9_uni02E5
	uni02E9_uni02E5_uni02E5
	uni02E9_uni02E5_uni02E6
	uni02E9_uni02E5_uni02E7
	uni02E9_uni02E5_uni02E8
	uni02E9_uni02E5_uni02E9
	uni02E9_uni02E6
	uni02E9_uni02E6_uni02E5
	uni02E9_uni02E6_uni02E6
	uni02E9_uni02E6_uni02E7
	uni02E9_uni02E6_uni02E8
	uni02E9_uni02E6_uni02E9
	uni02E9_uni02E7
	uni02E9_uni02E7_uni02E5
	uni02E9_uni02E7_uni02E6
	uni02E9_uni02E7_uni02E7
	uni02E9_uni02E7_uni02E8
	uni02E9_uni02E7_uni02E9
	uni02E9_uni02E8
	uni02E9_uni02E8_uni02E5
	uni02E9_uni02E8_uni02E6
	uni02E9_uni02E8_uni02E7
	uni02E9_uni02E8_uni02E8
	uni02E9_uni02E8_uni02E9
	uni02E9_uni02E9_uni02E5
	uni02E9_uni02E9_uni02E6
	uni02E9_uni02E9_uni02E7
	uni02E9_uni02E9_uni02E8
	uni030C_uni1ABB
	uni1AB8_uni1ABD
	uni1AB9_uni1ABD
	uni1ABA_uni1ABD
2016-11-30 13:55:23,785 MutatorMath Done
